{"meta": {"format": 3, "version": "7.11.2", "timestamp": "2025-11-10T14:47:42.926498", "branch_coverage": false, "show_contexts": false}, "files": {"src/basefunctions/cli/cli_application.py": {"executed_lines": [1, 23, 24, 25, 38, 53, 54, 61, 74, 75, 76, 78, 79, 80, 81, 83, 84, 85, 86, 87, 89, 100, 102, 113, 115, 117, 119, 120, 121, 122, 124, 125, 127, 129, 130, 131, 132, 133, 135, 137, 139, 140, 141, 143, 152, 154, 155, 157, 158, 159, 160, 161, 162, 164, 165, 167, 168, 169, 170, 171, 172, 173, 174, 175, 176, 177, 178, 179, 181, 182, 183, 184, 185, 186, 188, 189, 190, 191, 192, 193, 194, 195, 196, 198, 199, 200, 201, 202, 203, 204, 206, 207, 208, 209, 210, 211, 212, 213, 214, 215, 216, 217, 219, 220, 221, 223, 225, 226, 227, 228, 229, 231, 233, 234, 236, 247, 248, 249, 250, 252, 254, 256, 258, 259, 260, 261, 263, 264, 266, 268, 269, 270, 271, 272, 273, 275, 276, 277, 278, 279, 280, 281, 283, 284, 285, 287, 289, 290, 291, 292, 293, 294, 296, 298, 309, 310, 311, 312, 314, 316, 317, 318, 319, 320, 322, 324, 325, 326], "summary": {"covered_lines": 166, "num_statements": 166, "percent_covered": 100.0, "percent_covered_display": "100", "missing_lines": 0, "excluded_lines": 0}, "missing_lines": [], "excluded_lines": [], "functions": {"CLIApplication.__init__": {"executed_lines": [74, 75, 76, 78, 79, 80, 81, 83, 84, 85, 86, 87], "summary": {"covered_lines": 12, "num_statements": 12, "percent_covered": 100.0, "percent_covered_display": "100", "missing_lines": 0, "excluded_lines": 0}, "missing_lines": [], "excluded_lines": []}, "CLIApplication.register_command_group": {"executed_lines": [100], "summary": {"covered_lines": 1, "num_statements": 1, "percent_covered": 100.0, "percent_covered_display": "100", "missing_lines": 0, "excluded_lines": 0}, "missing_lines": [], "excluded_lines": []}, "CLIApplication.register_alias": {"executed_lines": [113], "summary": {"covered_lines": 1, "num_statements": 1, "percent_covered": 100.0, "percent_covered_display": "100", "missing_lines": 0, "excluded_lines": 0}, "missing_lines": [], "excluded_lines": []}, "CLIApplication.run": {"executed_lines": [117, 119, 120, 121, 122, 124, 125, 127, 129, 130, 131, 132, 133, 135], "summary": {"covered_lines": 14, "num_statements": 14, "percent_covered": 100.0, "percent_covered_display": "100", "missing_lines": 0, "excluded_lines": 0}, "missing_lines": [], "excluded_lines": []}, "CLIApplication._show_welcome": {"executed_lines": [139, 140, 141], "summary": {"covered_lines": 3, "num_statements": 3, "percent_covered": 100.0, "percent_covered_display": "100", "missing_lines": 0, "excluded_lines": 0}, "missing_lines": [], "excluded_lines": []}, "CLIApplication._execute_command": {"executed_lines": [152, 154, 155, 157, 158, 159, 160, 161, 162, 164, 165, 167, 168, 169, 170, 171, 172, 173, 174, 175, 176, 177, 178, 179, 181, 182, 183, 184, 185, 186, 188, 189, 190, 191, 192, 193, 194, 195, 196, 198, 199, 200, 201, 202, 203, 204, 206, 207, 208, 209, 210, 211, 212, 213, 214, 215, 216, 217, 219, 220, 221, 223, 225, 226, 227, 228, 229], "summary": {"covered_lines": 67, "num_statements": 67, "percent_covered": 100.0, "percent_covered_display": "100", "missing_lines": 0, "excluded_lines": 0}, "missing_lines": [], "excluded_lines": []}, "CLIApplication._cmd_quit": {"executed_lines": [233, 234], "summary": {"covered_lines": 2, "num_statements": 2, "percent_covered": 100.0, "percent_covered_display": "100", "missing_lines": 0, "excluded_lines": 0}, "missing_lines": [], "excluded_lines": []}, "CLIApplication._cmd_help": {"executed_lines": [247, 248, 249, 250, 252], "summary": {"covered_lines": 5, "num_statements": 5, "percent_covered": 100.0, "percent_covered_display": "100", "missing_lines": 0, "excluded_lines": 0}, "missing_lines": [], "excluded_lines": []}, "CLIApplication._show_general_help": {"executed_lines": [256, 258, 259, 260, 261, 263, 264, 266, 268, 269, 270, 271, 272, 273, 275, 276, 277, 278, 279, 280, 281, 283, 284, 285], "summary": {"covered_lines": 24, "num_statements": 24, "percent_covered": 100.0, "percent_covered_display": "100", "missing_lines": 0, "excluded_lines": 0}, "missing_lines": [], "excluded_lines": []}, "CLIApplication._show_aliases": {"executed_lines": [289, 290, 291, 292, 293, 294, 296], "summary": {"covered_lines": 7, "num_statements": 7, "percent_covered": 100.0, "percent_covered_display": "100", "missing_lines": 0, "excluded_lines": 0}, "missing_lines": [], "excluded_lines": []}, "CLIApplication._show_group_help": {"executed_lines": [309, 310, 311, 312, 314, 316, 317, 318, 319, 320], "summary": {"covered_lines": 10, "num_statements": 10, "percent_covered": 100.0, "percent_covered_display": "100", "missing_lines": 0, "excluded_lines": 0}, "missing_lines": [], "excluded_lines": []}, "CLIApplication._cleanup": {"executed_lines": [324, 325, 326], "summary": {"covered_lines": 3, "num_statements": 3, "percent_covered": 100.0, "percent_covered_display": "100", "missing_lines": 0, "excluded_lines": 0}, "missing_lines": [], "excluded_lines": []}, "": {"executed_lines": [1, 23, 24, 25, 38, 53, 54, 61, 89, 102, 115, 137, 143, 231, 236, 254, 287, 298, 322], "summary": {"covered_lines": 17, "num_statements": 17, "percent_covered": 100.0, "percent_covered_display": "100", "missing_lines": 0, "excluded_lines": 0}, "missing_lines": [], "excluded_lines": []}}, "classes": {"CLIApplication": {"executed_lines": [74, 75, 76, 78, 79, 80, 81, 83, 84, 85, 86, 87, 100, 113, 117, 119, 120, 121, 122, 124, 125, 127, 129, 130, 131, 132, 133, 135, 139, 140, 141, 152, 154, 155, 157, 158, 159, 160, 161, 162, 164, 165, 167, 168, 169, 170, 171, 172, 173, 174, 175, 176, 177, 178, 179, 181, 182, 183, 184, 185, 186, 188, 189, 190, 191, 192, 193, 194, 195, 196, 198, 199, 200, 201, 202, 203, 204, 206, 207, 208, 209, 210, 211, 212, 213, 214, 215, 216, 217, 219, 220, 221, 223, 225, 226, 227, 228, 229, 233, 234, 247, 248, 249, 250, 252, 256, 258, 259, 260, 261, 263, 264, 266, 268, 269, 270, 271, 272, 273, 275, 276, 277, 278, 279, 280, 281, 283, 284, 285, 289, 290, 291, 292, 293, 294, 296, 309, 310, 311, 312, 314, 316, 317, 318, 319, 320, 324, 325, 326], "summary": {"covered_lines": 149, "num_statements": 149, "percent_covered": 100.0, "percent_covered_display": "100", "missing_lines": 0, "excluded_lines": 0}, "missing_lines": [], "excluded_lines": []}, "": {"executed_lines": [1, 23, 24, 25, 38, 53, 54, 61, 89, 102, 115, 137, 143, 231, 236, 254, 287, 298, 322], "summary": {"covered_lines": 17, "num_statements": 17, "percent_covered": 100.0, "percent_covered_display": "100", "missing_lines": 0, "excluded_lines": 0}, "missing_lines": [], "excluded_lines": []}}}}, "totals": {"covered_lines": 166, "num_statements": 166, "percent_covered": 100.0, "percent_covered_display": "100", "missing_lines": 0, "excluded_lines": 0}}