{"meta": {"format": 3, "version": "7.11.2", "timestamp": "2025-11-10T14:29:50.795081", "branch_coverage": false, "show_contexts": false}, "files": {"src/basefunctions/__init__.py": {"executed_lines": [1, 26, 43, 56, 72, 73, 74, 75, 76, 77, 78, 79, 80, 81, 87, 113, 138, 149, 167, 172, 188, 193, 198, 199, 204, 212, 213, 220, 228, 233, 239, 242, 244, 264, 265, 270, 273, 290], "summary": {"covered_lines": 37, "num_statements": 41, "percent_covered": 90.2439024390244, "percent_covered_display": "90", "missing_lines": 4, "excluded_lines": 0}, "missing_lines": [282, 283, 284, 285], "excluded_lines": [], "functions": {"initialize": {"executed_lines": [], "summary": {"covered_lines": 0, "num_statements": 4, "percent_covered": 0.0, "percent_covered_display": "0", "missing_lines": 4, "excluded_lines": 0}, "missing_lines": [282, 283, 284, 285], "excluded_lines": []}, "": {"executed_lines": [1, 26, 43, 56, 72, 73, 74, 75, 76, 77, 78, 79, 80, 81, 87, 113, 138, 149, 167, 172, 188, 193, 198, 199, 204, 212, 213, 220, 228, 233, 239, 242, 244, 264, 265, 270, 273, 290], "summary": {"covered_lines": 37, "num_statements": 37, "percent_covered": 100.0, "percent_covered_display": "100", "missing_lines": 0, "excluded_lines": 0}, "missing_lines": [], "excluded_lines": []}}, "classes": {"": {"executed_lines": [1, 26, 43, 56, 72, 73, 74, 75, 76, 77, 78, 79, 80, 81, 87, 113, 138, 149, 167, 172, 188, 193, 198, 199, 204, 212, 213, 220, 228, 233, 239, 242, 244, 264, 265, 270, 273, 290], "summary": {"covered_lines": 37, "num_statements": 41, "percent_covered": 90.2439024390244, "percent_covered_display": "90", "missing_lines": 4, "excluded_lines": 0}, "missing_lines": [282, 283, 284, 285], "excluded_lines": []}}}, "src/basefunctions/cli/__init__.py": {"executed_lines": [1, 17, 18, 19, 20, 21, 22, 23, 24, 25, 26, 31], "summary": {"covered_lines": 11, "num_statements": 11, "percent_covered": 100.0, "percent_covered_display": "100", "missing_lines": 0, "excluded_lines": 0}, "missing_lines": [], "excluded_lines": [], "functions": {"": {"executed_lines": [1, 17, 18, 19, 20, 21, 22, 23, 24, 25, 26, 31], "summary": {"covered_lines": 11, "num_statements": 11, "percent_covered": 100.0, "percent_covered_display": "100", "missing_lines": 0, "excluded_lines": 0}, "missing_lines": [], "excluded_lines": []}}, "classes": {"": {"executed_lines": [1, 17, 18, 19, 20, 21, 22, 23, 24, 25, 26, 31], "summary": {"covered_lines": 11, "num_statements": 11, "percent_covered": 100.0, "percent_covered_display": "100", "missing_lines": 0, "excluded_lines": 0}, "missing_lines": [], "excluded_lines": []}}}, "src/basefunctions/cli/argument_parser.py": {"executed_lines": [1, 17, 18, 19, 32, 47, 48, 55, 56, 70, 71, 73, 74, 75, 78, 79, 81, 83, 84, 85, 87, 88, 104, 105, 106, 108, 109, 110, 111, 113, 115, 116, 143, 144, 146, 147, 148, 149, 151, 152, 154, 156, 157, 171, 172, 173, 174], "summary": {"covered_lines": 45, "num_statements": 46, "percent_covered": 97.82608695652173, "percent_covered_display": "98", "missing_lines": 1, "excluded_lines": 0}, "missing_lines": [76], "excluded_lines": [], "functions": {"ArgumentParser.parse_command": {"executed_lines": [70, 71, 73, 74, 75, 78, 79, 81, 83, 84, 85], "summary": {"covered_lines": 11, "num_statements": 12, "percent_covered": 91.66666666666667, "percent_covered_display": "92", "missing_lines": 1, "excluded_lines": 0}, "missing_lines": [76], "excluded_lines": []}, "ArgumentParser.validate_args": {"executed_lines": [104, 105, 106, 108, 109, 110, 111, 113], "summary": {"covered_lines": 8, "num_statements": 8, "percent_covered": 100.0, "percent_covered_display": "100", "missing_lines": 0, "excluded_lines": 0}, "missing_lines": [], "excluded_lines": []}, "ArgumentParser.resolve_argument_with_context": {"executed_lines": [143, 144, 146, 147, 148, 149, 151, 152, 154], "summary": {"covered_lines": 9, "num_statements": 9, "percent_covered": 100.0, "percent_covered_display": "100", "missing_lines": 0, "excluded_lines": 0}, "missing_lines": [], "excluded_lines": []}, "ArgumentParser.split_compound_argument": {"executed_lines": [171, 172, 173, 174], "summary": {"covered_lines": 4, "num_statements": 4, "percent_covered": 100.0, "percent_covered_display": "100", "missing_lines": 0, "excluded_lines": 0}, "missing_lines": [], "excluded_lines": []}, "": {"executed_lines": [1, 17, 18, 19, 32, 47, 48, 55, 56, 87, 88, 115, 116, 156, 157], "summary": {"covered_lines": 13, "num_statements": 13, "percent_covered": 100.0, "percent_covered_display": "100", "missing_lines": 0, "excluded_lines": 0}, "missing_lines": [], "excluded_lines": []}}, "classes": {"ArgumentParser": {"executed_lines": [70, 71, 73, 74, 75, 78, 79, 81, 83, 84, 85, 104, 105, 106, 108, 109, 110, 111, 113, 143, 144, 146, 147, 148, 149, 151, 152, 154, 171, 172, 173, 174], "summary": {"covered_lines": 32, "num_statements": 33, "percent_covered": 96.96969696969697, "percent_covered_display": "97", "missing_lines": 1, "excluded_lines": 0}, "missing_lines": [76], "excluded_lines": []}, "": {"executed_lines": [1, 17, 18, 19, 32, 47, 48, 55, 56, 87, 88, 115, 116, 156, 157], "summary": {"covered_lines": 13, "num_statements": 13, "percent_covered": 100.0, "percent_covered_display": "100", "missing_lines": 0, "excluded_lines": 0}, "missing_lines": [], "excluded_lines": []}}}, "src/basefunctions/cli/base_command.py": {"executed_lines": [1, 17, 18, 19, 20, 33, 48, 49, 56, 65, 66, 67, 68, 70, 71, 82, 83, 96, 98, 100, 109, 111, 127, 141, 143, 161, 179, 206, 220, 234, 235, 236, 237, 238], "summary": {"covered_lines": 32, "num_statements": 55, "percent_covered": 58.18181818181818, "percent_covered_display": "58", "missing_lines": 23, "excluded_lines": 0}, "missing_lines": [80, 94, 125, 157, 158, 159, 170, 171, 173, 174, 175, 177, 193, 194, 195, 197, 199, 200, 201, 202, 204, 217, 218], "excluded_lines": [], "functions": {"BaseCommand.__init__": {"executed_lines": [65, 66, 67, 68], "summary": {"covered_lines": 4, "num_statements": 4, "percent_covered": 100.0, "percent_covered_display": "100", "missing_lines": 0, "excluded_lines": 0}, "missing_lines": [], "excluded_lines": []}, "BaseCommand.register_commands": {"executed_lines": [], "summary": {"covered_lines": 0, "num_statements": 1, "percent_covered": 0.0, "percent_covered_display": "0", "missing_lines": 1, "excluded_lines": 0}, "missing_lines": [80], "excluded_lines": []}, "BaseCommand.execute": {"executed_lines": [], "summary": {"covered_lines": 0, "num_statements": 1, "percent_covered": 0.0, "percent_covered_display": "0", "missing_lines": 1, "excluded_lines": 0}, "missing_lines": [94], "excluded_lines": []}, "BaseCommand._register_commands": {"executed_lines": [98], "summary": {"covered_lines": 1, "num_statements": 1, "percent_covered": 100.0, "percent_covered_display": "100", "missing_lines": 0, "excluded_lines": 0}, "missing_lines": [], "excluded_lines": []}, "BaseCommand.get_available_commands": {"executed_lines": [109], "summary": {"covered_lines": 1, "num_statements": 1, "percent_covered": 100.0, "percent_covered_display": "100", "missing_lines": 0, "excluded_lines": 0}, "missing_lines": [], "excluded_lines": []}, "BaseCommand.get_command_metadata": {"executed_lines": [], "summary": {"covered_lines": 0, "num_statements": 1, "percent_covered": 0.0, "percent_covered_display": "0", "missing_lines": 1, "excluded_lines": 0}, "missing_lines": [125], "excluded_lines": []}, "BaseCommand.validate_command": {"executed_lines": [141], "summary": {"covered_lines": 1, "num_statements": 1, "percent_covered": 100.0, "percent_covered_display": "100", "missing_lines": 0, "excluded_lines": 0}, "missing_lines": [], "excluded_lines": []}, "BaseCommand.get_help": {"executed_lines": [], "summary": {"covered_lines": 0, "num_statements": 3, "percent_covered": 0.0, "percent_covered_display": "0", "missing_lines": 3, "excluded_lines": 0}, "missing_lines": [157, 158, 159], "excluded_lines": []}, "BaseCommand._get_general_help": {"executed_lines": [], "summary": {"covered_lines": 0, "num_statements": 6, "percent_covered": 0.0, "percent_covered_display": "0", "missing_lines": 6, "excluded_lines": 0}, "missing_lines": [170, 171, 173, 174, 175, 177], "excluded_lines": []}, "BaseCommand._get_specific_help": {"executed_lines": [], "summary": {"covered_lines": 0, "num_statements": 9, "percent_covered": 0.0, "percent_covered_display": "0", "missing_lines": 9, "excluded_lines": 0}, "missing_lines": [193, 194, 195, 197, 199, 200, 201, 202, 204], "excluded_lines": []}, "BaseCommand._handle_error": {"executed_lines": [], "summary": {"covered_lines": 0, "num_statements": 2, "percent_covered": 0.0, "percent_covered_display": "0", "missing_lines": 2, "excluded_lines": 0}, "missing_lines": [217, 218], "excluded_lines": []}, "BaseCommand._confirm_action": {"executed_lines": [234, 235, 236, 237, 238], "summary": {"covered_lines": 5, "num_statements": 5, "percent_covered": 100.0, "percent_covered_display": "100", "missing_lines": 0, "excluded_lines": 0}, "missing_lines": [], "excluded_lines": []}, "": {"executed_lines": [1, 17, 18, 19, 20, 33, 48, 49, 56, 70, 71, 82, 83, 96, 100, 111, 127, 143, 161, 179, 206, 220], "summary": {"covered_lines": 20, "num_statements": 20, "percent_covered": 100.0, "percent_covered_display": "100", "missing_lines": 0, "excluded_lines": 0}, "missing_lines": [], "excluded_lines": []}}, "classes": {"BaseCommand": {"executed_lines": [65, 66, 67, 68, 98, 109, 141, 234, 235, 236, 237, 238], "summary": {"covered_lines": 12, "num_statements": 35, "percent_covered": 34.285714285714285, "percent_covered_display": "34", "missing_lines": 23, "excluded_lines": 0}, "missing_lines": [80, 94, 125, 157, 158, 159, 170, 171, 173, 174, 175, 177, 193, 194, 195, 197, 199, 200, 201, 202, 204, 217, 218], "excluded_lines": []}, "": {"executed_lines": [1, 17, 18, 19, 20, 33, 48, 49, 56, 70, 71, 82, 83, 96, 100, 111, 127, 143, 161, 179, 206, 220], "summary": {"covered_lines": 20, "num_statements": 20, "percent_covered": 100.0, "percent_covered_display": "100", "missing_lines": 0, "excluded_lines": 0}, "missing_lines": [], "excluded_lines": []}}}, "src/basefunctions/cli/cli_application.py": {"executed_lines": [1, 23, 24, 25, 38, 53, 54, 61, 74, 75, 76, 78, 79, 80, 81, 83, 84, 89, 100, 102, 113, 115, 117, 119, 120, 121, 122, 129, 130, 131, 132, 133, 135, 137, 139, 140, 141, 143, 152, 154, 155, 157, 158, 159, 160, 164, 165, 167, 168, 206, 207, 219, 220, 223, 225, 226, 228, 231, 233, 234, 236, 254, 287, 298, 322, 324, 326], "summary": {"covered_lines": 65, "num_statements": 166, "percent_covered": 39.1566265060241, "percent_covered_display": "39", "missing_lines": 101, "excluded_lines": 0}, "missing_lines": [85, 86, 87, 124, 125, 127, 161, 162, 169, 170, 171, 172, 173, 174, 175, 176, 177, 178, 179, 181, 182, 183, 184, 185, 186, 188, 189, 190, 191, 192, 193, 194, 195, 196, 198, 199, 200, 201, 202, 203, 204, 208, 209, 210, 211, 212, 213, 214, 215, 216, 217, 221, 227, 229, 247, 248, 249, 250, 252, 256, 258, 259, 260, 261, 263, 264, 266, 268, 269, 270, 271, 272, 273, 275, 276, 277, 278, 279, 280, 281, 283, 284, 285, 289, 290, 291, 292, 293, 294, 296, 309, 310, 311, 312, 314, 316, 317, 318, 319, 320, 325], "excluded_lines": [], "functions": {"CLIApplication.__init__": {"executed_lines": [74, 75, 76, 78, 79, 80, 81, 83, 84], "summary": {"covered_lines": 9, "num_statements": 12, "percent_covered": 75.0, "percent_covered_display": "75", "missing_lines": 3, "excluded_lines": 0}, "missing_lines": [85, 86, 87], "excluded_lines": []}, "CLIApplication.register_command_group": {"executed_lines": [100], "summary": {"covered_lines": 1, "num_statements": 1, "percent_covered": 100.0, "percent_covered_display": "100", "missing_lines": 0, "excluded_lines": 0}, "missing_lines": [], "excluded_lines": []}, "CLIApplication.register_alias": {"executed_lines": [113], "summary": {"covered_lines": 1, "num_statements": 1, "percent_covered": 100.0, "percent_covered_display": "100", "missing_lines": 0, "excluded_lines": 0}, "missing_lines": [], "excluded_lines": []}, "CLIApplication.run": {"executed_lines": [117, 119, 120, 121, 122, 129, 130, 131, 132, 133, 135], "summary": {"covered_lines": 11, "num_statements": 14, "percent_covered": 78.57142857142857, "percent_covered_display": "79", "missing_lines": 3, "excluded_lines": 0}, "missing_lines": [124, 125, 127], "excluded_lines": []}, "CLIApplication._show_welcome": {"executed_lines": [139, 140, 141], "summary": {"covered_lines": 3, "num_statements": 3, "percent_covered": 100.0, "percent_covered_display": "100", "missing_lines": 0, "excluded_lines": 0}, "missing_lines": [], "excluded_lines": []}, "CLIApplication._execute_command": {"executed_lines": [152, 154, 155, 157, 158, 159, 160, 164, 165, 167, 168, 206, 207, 219, 220, 223, 225, 226, 228], "summary": {"covered_lines": 19, "num_statements": 67, "percent_covered": 28.35820895522388, "percent_covered_display": "28", "missing_lines": 48, "excluded_lines": 0}, "missing_lines": [161, 162, 169, 170, 171, 172, 173, 174, 175, 176, 177, 178, 179, 181, 182, 183, 184, 185, 186, 188, 189, 190, 191, 192, 193, 194, 195, 196, 198, 199, 200, 201, 202, 203, 204, 208, 209, 210, 211, 212, 213, 214, 215, 216, 217, 221, 227, 229], "excluded_lines": []}, "CLIApplication._cmd_quit": {"executed_lines": [233, 234], "summary": {"covered_lines": 2, "num_statements": 2, "percent_covered": 100.0, "percent_covered_display": "100", "missing_lines": 0, "excluded_lines": 0}, "missing_lines": [], "excluded_lines": []}, "CLIApplication._cmd_help": {"executed_lines": [], "summary": {"covered_lines": 0, "num_statements": 5, "percent_covered": 0.0, "percent_covered_display": "0", "missing_lines": 5, "excluded_lines": 0}, "missing_lines": [247, 248, 249, 250, 252], "excluded_lines": []}, "CLIApplication._show_general_help": {"executed_lines": [], "summary": {"covered_lines": 0, "num_statements": 24, "percent_covered": 0.0, "percent_covered_display": "0", "missing_lines": 24, "excluded_lines": 0}, "missing_lines": [256, 258, 259, 260, 261, 263, 264, 266, 268, 269, 270, 271, 272, 273, 275, 276, 277, 278, 279, 280, 281, 283, 284, 285], "excluded_lines": []}, "CLIApplication._show_aliases": {"executed_lines": [], "summary": {"covered_lines": 0, "num_statements": 7, "percent_covered": 0.0, "percent_covered_display": "0", "missing_lines": 7, "excluded_lines": 0}, "missing_lines": [289, 290, 291, 292, 293, 294, 296], "excluded_lines": []}, "CLIApplication._show_group_help": {"executed_lines": [], "summary": {"covered_lines": 0, "num_statements": 10, "percent_covered": 0.0, "percent_covered_display": "0", "missing_lines": 10, "excluded_lines": 0}, "missing_lines": [309, 310, 311, 312, 314, 316, 317, 318, 319, 320], "excluded_lines": []}, "CLIApplication._cleanup": {"executed_lines": [324, 326], "summary": {"covered_lines": 2, "num_statements": 3, "percent_covered": 66.66666666666667, "percent_covered_display": "67", "missing_lines": 1, "excluded_lines": 0}, "missing_lines": [325], "excluded_lines": []}, "": {"executed_lines": [1, 23, 24, 25, 38, 53, 54, 61, 89, 102, 115, 137, 143, 231, 236, 254, 287, 298, 322], "summary": {"covered_lines": 17, "num_statements": 17, "percent_covered": 100.0, "percent_covered_display": "100", "missing_lines": 0, "excluded_lines": 0}, "missing_lines": [], "excluded_lines": []}}, "classes": {"CLIApplication": {"executed_lines": [74, 75, 76, 78, 79, 80, 81, 83, 84, 100, 113, 117, 119, 120, 121, 122, 129, 130, 131, 132, 133, 135, 139, 140, 141, 152, 154, 155, 157, 158, 159, 160, 164, 165, 167, 168, 206, 207, 219, 220, 223, 225, 226, 228, 233, 234, 324, 326], "summary": {"covered_lines": 48, "num_statements": 149, "percent_covered": 32.214765100671144, "percent_covered_display": "32", "missing_lines": 101, "excluded_lines": 0}, "missing_lines": [85, 86, 87, 124, 125, 127, 161, 162, 169, 170, 171, 172, 173, 174, 175, 176, 177, 178, 179, 181, 182, 183, 184, 185, 186, 188, 189, 190, 191, 192, 193, 194, 195, 196, 198, 199, 200, 201, 202, 203, 204, 208, 209, 210, 211, 212, 213, 214, 215, 216, 217, 221, 227, 229, 247, 248, 249, 250, 252, 256, 258, 259, 260, 261, 263, 264, 266, 268, 269, 270, 271, 272, 273, 275, 276, 277, 278, 279, 280, 281, 283, 284, 285, 289, 290, 291, 292, 293, 294, 296, 309, 310, 311, 312, 314, 316, 317, 318, 319, 320, 325], "excluded_lines": []}, "": {"executed_lines": [1, 23, 24, 25, 38, 53, 54, 61, 89, 102, 115, 137, 143, 231, 236, 254, 287, 298, 322], "summary": {"covered_lines": 17, "num_statements": 17, "percent_covered": 100.0, "percent_covered_display": "100", "missing_lines": 0, "excluded_lines": 0}, "missing_lines": [], "excluded_lines": []}}}, "src/basefunctions/cli/command_metadata.py": {"executed_lines": [1, 17, 18, 45, 46, 47, 68, 69, 70, 71, 72, 73, 74, 77, 78, 79, 102, 103, 104, 105, 106, 107, 108, 109, 111, 120, 122, 133, 147, 148, 149], "summary": {"covered_lines": 28, "num_statements": 29, "percent_covered": 96.55172413793103, "percent_covered_display": "97", "missing_lines": 1, "excluded_lines": 0}, "missing_lines": [131], "excluded_lines": [], "functions": {"CommandMetadata.get_required_args": {"executed_lines": [120], "summary": {"covered_lines": 1, "num_statements": 1, "percent_covered": 100.0, "percent_covered_display": "100", "missing_lines": 0, "excluded_lines": 0}, "missing_lines": [], "excluded_lines": []}, "CommandMetadata.get_optional_args": {"executed_lines": [], "summary": {"covered_lines": 0, "num_statements": 1, "percent_covered": 0.0, "percent_covered_display": "0", "missing_lines": 1, "excluded_lines": 0}, "missing_lines": [131], "excluded_lines": []}, "CommandMetadata.validate_args_count": {"executed_lines": [147, 148, 149], "summary": {"covered_lines": 3, "num_statements": 3, "percent_covered": 100.0, "percent_covered_display": "100", "missing_lines": 0, "excluded_lines": 0}, "missing_lines": [], "excluded_lines": []}, "": {"executed_lines": [1, 17, 18, 45, 46, 47, 68, 69, 70, 71, 72, 73, 74, 77, 78, 79, 102, 103, 104, 105, 106, 107, 108, 109, 111, 122, 133], "summary": {"covered_lines": 24, "num_statements": 24, "percent_covered": 100.0, "percent_covered_display": "100", "missing_lines": 0, "excluded_lines": 0}, "missing_lines": [], "excluded_lines": []}}, "classes": {"ArgumentSpec": {"executed_lines": [], "summary": {"covered_lines": 0, "num_statements": 0, "percent_covered": 100.0, "percent_covered_display": "100", "missing_lines": 0, "excluded_lines": 0}, "missing_lines": [], "excluded_lines": []}, "CommandMetadata": {"executed_lines": [120, 147, 148, 149], "summary": {"covered_lines": 4, "num_statements": 5, "percent_covered": 80.0, "percent_covered_display": "80", "missing_lines": 1, "excluded_lines": 0}, "missing_lines": [131], "excluded_lines": []}, "": {"executed_lines": [1, 17, 18, 45, 46, 47, 68, 69, 70, 71, 72, 73, 74, 77, 78, 79, 102, 103, 104, 105, 106, 107, 108, 109, 111, 122, 133], "summary": {"covered_lines": 24, "num_statements": 24, "percent_covered": 100.0, "percent_covered_display": "100", "missing_lines": 0, "excluded_lines": 0}, "missing_lines": [], "excluded_lines": []}}}, "src/basefunctions/cli/command_registry.py": {"executed_lines": [1, 18, 19, 20, 33, 48, 49, 57, 59, 60, 61, 63, 74, 75, 77, 78, 82, 93, 94, 95, 97, 98, 100, 116, 117, 118, 120, 134, 136, 155, 164, 166, 175, 177, 200, 201, 202, 204, 205, 206, 207, 209, 210, 211, 213, 214, 216], "summary": {"covered_lines": 45, "num_statements": 53, "percent_covered": 84.90566037735849, "percent_covered_display": "85", "missing_lines": 8, "excluded_lines": 0}, "missing_lines": [152, 153, 232, 234, 235, 236, 237, 239], "excluded_lines": [], "functions": {"CommandRegistry.__init__": {"executed_lines": [59, 60, 61], "summary": {"covered_lines": 3, "num_statements": 3, "percent_covered": 100.0, "percent_covered_display": "100", "missing_lines": 0, "excluded_lines": 0}, "missing_lines": [], "excluded_lines": []}, "CommandRegistry.register_group": {"executed_lines": [74, 75, 77, 78], "summary": {"covered_lines": 4, "num_statements": 4, "percent_covered": 100.0, "percent_covered_display": "100", "missing_lines": 0, "excluded_lines": 0}, "missing_lines": [], "excluded_lines": []}, "CommandRegistry.register_alias": {"executed_lines": [93, 94, 95, 97, 98], "summary": {"covered_lines": 5, "num_statements": 5, "percent_covered": 100.0, "percent_covered_display": "100", "missing_lines": 0, "excluded_lines": 0}, "missing_lines": [], "excluded_lines": []}, "CommandRegistry.resolve_alias": {"executed_lines": [116, 117, 118], "summary": {"covered_lines": 3, "num_statements": 3, "percent_covered": 100.0, "percent_covered_display": "100", "missing_lines": 0, "excluded_lines": 0}, "missing_lines": [], "excluded_lines": []}, "CommandRegistry.get_handlers": {"executed_lines": [134], "summary": {"covered_lines": 1, "num_statements": 1, "percent_covered": 100.0, "percent_covered_display": "100", "missing_lines": 0, "excluded_lines": 0}, "missing_lines": [], "excluded_lines": []}, "CommandRegistry.get_handler": {"executed_lines": [], "summary": {"covered_lines": 0, "num_statements": 2, "percent_covered": 0.0, "percent_covered_display": "0", "missing_lines": 2, "excluded_lines": 0}, "missing_lines": [152, 153], "excluded_lines": []}, "CommandRegistry.get_all_groups": {"executed_lines": [164], "summary": {"covered_lines": 1, "num_statements": 1, "percent_covered": 100.0, "percent_covered_display": "100", "missing_lines": 0, "excluded_lines": 0}, "missing_lines": [], "excluded_lines": []}, "CommandRegistry.get_all_aliases": {"executed_lines": [175], "summary": {"covered_lines": 1, "num_statements": 1, "percent_covered": 100.0, "percent_covered_display": "100", "missing_lines": 0, "excluded_lines": 0}, "missing_lines": [], "excluded_lines": []}, "CommandRegistry.dispatch": {"executed_lines": [200, 201, 202, 204, 205, 206, 207, 209, 210, 211, 213, 214], "summary": {"covered_lines": 12, "num_statements": 12, "percent_covered": 100.0, "percent_covered_display": "100", "missing_lines": 0, "excluded_lines": 0}, "missing_lines": [], "excluded_lines": []}, "CommandRegistry.get_command_metadata": {"executed_lines": [], "summary": {"covered_lines": 0, "num_statements": 6, "percent_covered": 0.0, "percent_covered_display": "0", "missing_lines": 6, "excluded_lines": 0}, "missing_lines": [232, 234, 235, 236, 237, 239], "excluded_lines": []}, "": {"executed_lines": [1, 18, 19, 20, 33, 48, 49, 57, 63, 82, 100, 120, 136, 155, 166, 177, 216], "summary": {"covered_lines": 15, "num_statements": 15, "percent_covered": 100.0, "percent_covered_display": "100", "missing_lines": 0, "excluded_lines": 0}, "missing_lines": [], "excluded_lines": []}}, "classes": {"CommandRegistry": {"executed_lines": [59, 60, 61, 74, 75, 77, 78, 93, 94, 95, 97, 98, 116, 117, 118, 134, 164, 175, 200, 201, 202, 204, 205, 206, 207, 209, 210, 211, 213, 214], "summary": {"covered_lines": 30, "num_statements": 38, "percent_covered": 78.94736842105263, "percent_covered_display": "79", "missing_lines": 8, "excluded_lines": 0}, "missing_lines": [152, 153, 232, 234, 235, 236, 237, 239], "excluded_lines": []}, "": {"executed_lines": [1, 18, 19, 20, 33, 48, 49, 57, 63, 82, 100, 120, 136, 155, 166, 177, 216], "summary": {"covered_lines": 15, "num_statements": 15, "percent_covered": 100.0, "percent_covered_display": "100", "missing_lines": 0, "excluded_lines": 0}, "missing_lines": [], "excluded_lines": []}}}, "src/basefunctions/cli/completion_handler.py": {"executed_lines": [1, 18, 19, 20, 22, 23, 41, 56, 57, 64, 75, 76, 77, 79, 95, 96, 98, 99, 109, 110, 112, 126, 127, 128, 130, 131, 133, 181, 227, 229, 232, 233, 235, 236, 237, 238, 240, 242, 245, 246, 247, 248, 251, 263], "summary": {"covered_lines": 42, "num_statements": 92, "percent_covered": 45.65217391304348, "percent_covered_display": "46", "missing_lines": 50, "excluded_lines": 0}, "missing_lines": [24, 25, 26, 27, 28, 100, 102, 103, 105, 107, 151, 152, 154, 155, 157, 159, 160, 162, 163, 164, 166, 167, 169, 170, 171, 172, 173, 175, 176, 177, 179, 205, 206, 207, 209, 211, 212, 214, 216, 217, 218, 219, 220, 222, 223, 225, 230, 243, 260, 272], "excluded_lines": [], "functions": {"CompletionHandler.__init__": {"executed_lines": [75, 76, 77], "summary": {"covered_lines": 3, "num_statements": 3, "percent_covered": 100.0, "percent_covered_display": "100", "missing_lines": 0, "excluded_lines": 0}, "missing_lines": [], "excluded_lines": []}, "CompletionHandler.complete": {"executed_lines": [95, 96, 98, 99, 109, 110], "summary": {"covered_lines": 6, "num_statements": 11, "percent_covered": 54.54545454545455, "percent_covered_display": "55", "missing_lines": 5, "excluded_lines": 0}, "missing_lines": [100, 102, 103, 105, 107], "excluded_lines": []}, "CompletionHandler._complete_command_groups": {"executed_lines": [126, 127, 128, 130, 131], "summary": {"covered_lines": 5, "num_statements": 5, "percent_covered": 100.0, "percent_covered_display": "100", "missing_lines": 0, "excluded_lines": 0}, "missing_lines": [], "excluded_lines": []}, "CompletionHandler._complete_arguments": {"executed_lines": [], "summary": {"covered_lines": 0, "num_statements": 21, "percent_covered": 0.0, "percent_covered_display": "0", "missing_lines": 21, "excluded_lines": 0}, "missing_lines": [151, 152, 154, 155, 157, 159, 160, 162, 163, 164, 166, 167, 169, 170, 171, 172, 173, 175, 176, 177, 179], "excluded_lines": []}, "CompletionHandler._complete_command_args": {"executed_lines": [], "summary": {"covered_lines": 0, "num_statements": 15, "percent_covered": 0.0, "percent_covered_display": "0", "missing_lines": 15, "excluded_lines": 0}, "missing_lines": [205, 206, 207, 209, 211, 212, 214, 216, 217, 218, 219, 220, 222, 223, 225], "excluded_lines": []}, "CompletionHandler.setup": {"executed_lines": [229, 232, 233, 235, 236, 237, 238], "summary": {"covered_lines": 7, "num_statements": 8, "percent_covered": 87.5, "percent_covered_display": "88", "missing_lines": 1, "excluded_lines": 0}, "missing_lines": [230], "excluded_lines": []}, "CompletionHandler.cleanup": {"executed_lines": [242, 245, 246, 247, 248], "summary": {"covered_lines": 5, "num_statements": 6, "percent_covered": 83.33333333333333, "percent_covered_display": "83", "missing_lines": 1, "excluded_lines": 0}, "missing_lines": [243], "excluded_lines": []}, "setup_completion": {"executed_lines": [], "summary": {"covered_lines": 0, "num_statements": 1, "percent_covered": 0.0, "percent_covered_display": "0", "missing_lines": 1, "excluded_lines": 0}, "missing_lines": [260], "excluded_lines": []}, "cleanup_completion": {"executed_lines": [], "summary": {"covered_lines": 0, "num_statements": 1, "percent_covered": 0.0, "percent_covered_display": "0", "missing_lines": 1, "excluded_lines": 0}, "missing_lines": [272], "excluded_lines": []}, "": {"executed_lines": [1, 18, 19, 20, 22, 23, 41, 56, 57, 64, 79, 112, 133, 181, 227, 240, 251, 263], "summary": {"covered_lines": 16, "num_statements": 21, "percent_covered": 76.19047619047619, "percent_covered_display": "76", "missing_lines": 5, "excluded_lines": 0}, "missing_lines": [24, 25, 26, 27, 28], "excluded_lines": []}}, "classes": {"CompletionHandler": {"executed_lines": [75, 76, 77, 95, 96, 98, 99, 109, 110, 126, 127, 128, 130, 131, 229, 232, 233, 235, 236, 237, 238, 242, 245, 246, 247, 248], "summary": {"covered_lines": 26, "num_statements": 69, "percent_covered": 37.68115942028985, "percent_covered_display": "38", "missing_lines": 43, "excluded_lines": 0}, "missing_lines": [100, 102, 103, 105, 107, 151, 152, 154, 155, 157, 159, 160, 162, 163, 164, 166, 167, 169, 170, 171, 172, 173, 175, 176, 177, 179, 205, 206, 207, 209, 211, 212, 214, 216, 217, 218, 219, 220, 222, 223, 225, 230, 243], "excluded_lines": []}, "": {"executed_lines": [1, 18, 19, 20, 22, 23, 41, 56, 57, 64, 79, 112, 133, 181, 227, 240, 251, 263], "summary": {"covered_lines": 16, "num_statements": 23, "percent_covered": 69.56521739130434, "percent_covered_display": "70", "missing_lines": 7, "excluded_lines": 0}, "missing_lines": [24, 25, 26, 27, 28, 260, 272], "excluded_lines": []}}}, "src/basefunctions/cli/context_manager.py": {"executed_lines": [1, 17, 18, 31, 46, 47, 54, 63, 64, 65, 67, 78, 79, 81, 97, 99, 108, 109, 110, 111, 113, 114, 116, 130, 132, 141, 143, 152, 153, 155, 156, 157, 159, 160, 162, 188, 189, 191, 192, 193, 195, 197, 225, 226, 227, 229, 230, 231, 232, 233, 234, 237, 238, 239, 240, 241], "summary": {"covered_lines": 54, "num_statements": 54, "percent_covered": 100.0, "percent_covered_display": "100", "missing_lines": 0, "excluded_lines": 0}, "missing_lines": [], "excluded_lines": [], "functions": {"ContextManager.__init__": {"executed_lines": [63, 64, 65], "summary": {"covered_lines": 3, "num_statements": 3, "percent_covered": 100.0, "percent_covered_display": "100", "missing_lines": 0, "excluded_lines": 0}, "missing_lines": [], "excluded_lines": []}, "ContextManager.set": {"executed_lines": [78, 79], "summary": {"covered_lines": 2, "num_statements": 2, "percent_covered": 100.0, "percent_covered_display": "100", "missing_lines": 0, "excluded_lines": 0}, "missing_lines": [], "excluded_lines": []}, "ContextManager.get": {"executed_lines": [97], "summary": {"covered_lines": 1, "num_statements": 1, "percent_covered": 100.0, "percent_covered_display": "100", "missing_lines": 0, "excluded_lines": 0}, "missing_lines": [], "excluded_lines": []}, "ContextManager.clear": {"executed_lines": [108, 109, 110, 111, 113, 114], "summary": {"covered_lines": 6, "num_statements": 6, "percent_covered": 100.0, "percent_covered_display": "100", "missing_lines": 0, "excluded_lines": 0}, "missing_lines": [], "excluded_lines": []}, "ContextManager.has": {"executed_lines": [130], "summary": {"covered_lines": 1, "num_statements": 1, "percent_covered": 100.0, "percent_covered_display": "100", "missing_lines": 0, "excluded_lines": 0}, "missing_lines": [], "excluded_lines": []}, "ContextManager.get_all": {"executed_lines": [141], "summary": {"covered_lines": 1, "num_statements": 1, "percent_covered": 100.0, "percent_covered_display": "100", "missing_lines": 0, "excluded_lines": 0}, "missing_lines": [], "excluded_lines": []}, "ContextManager.get_prompt": {"executed_lines": [152, 153, 155, 156, 157, 159, 160], "summary": {"covered_lines": 7, "num_statements": 7, "percent_covered": 100.0, "percent_covered_display": "100", "missing_lines": 0, "excluded_lines": 0}, "missing_lines": [], "excluded_lines": []}, "ContextManager.resolve_argument": {"executed_lines": [188, 189, 191, 192, 193, 195], "summary": {"covered_lines": 6, "num_statements": 6, "percent_covered": 100.0, "percent_covered_display": "100", "missing_lines": 0, "excluded_lines": 0}, "missing_lines": [], "excluded_lines": []}, "ContextManager.resolve_target": {"executed_lines": [225, 226, 227, 229, 230, 231, 232, 233, 234, 237, 238, 239, 240, 241], "summary": {"covered_lines": 14, "num_statements": 14, "percent_covered": 100.0, "percent_covered_display": "100", "missing_lines": 0, "excluded_lines": 0}, "missing_lines": [], "excluded_lines": []}, "": {"executed_lines": [1, 17, 18, 31, 46, 47, 54, 67, 81, 99, 116, 132, 143, 162, 197], "summary": {"covered_lines": 13, "num_statements": 13, "percent_covered": 100.0, "percent_covered_display": "100", "missing_lines": 0, "excluded_lines": 0}, "missing_lines": [], "excluded_lines": []}}, "classes": {"ContextManager": {"executed_lines": [63, 64, 65, 78, 79, 97, 108, 109, 110, 111, 113, 114, 130, 141, 152, 153, 155, 156, 157, 159, 160, 188, 189, 191, 192, 193, 195, 225, 226, 227, 229, 230, 231, 232, 233, 234, 237, 238, 239, 240, 241], "summary": {"covered_lines": 41, "num_statements": 41, "percent_covered": 100.0, "percent_covered_display": "100", "missing_lines": 0, "excluded_lines": 0}, "missing_lines": [], "excluded_lines": []}, "": {"executed_lines": [1, 17, 18, 31, 46, 47, 54, 67, 81, 99, 116, 132, 143, 162, 197], "summary": {"covered_lines": 13, "num_statements": 13, "percent_covered": 100.0, "percent_covered_display": "100", "missing_lines": 0, "excluded_lines": 0}, "missing_lines": [], "excluded_lines": []}}}, "src/basefunctions/cli/help_formatter.py": {"executed_lines": [1, 17, 18, 19, 32, 47, 48, 55, 56, 70, 71, 73, 74, 75, 76, 78, 80, 81, 95, 97, 98, 99, 100, 101, 102, 103, 104, 106, 107, 109, 110, 111, 112, 113, 115, 116, 118, 120, 121, 163, 164, 188, 189], "summary": {"covered_lines": 41, "num_statements": 70, "percent_covered": 58.57142857142857, "percent_covered_display": "59", "missing_lines": 29, "excluded_lines": 0}, "missing_lines": [105, 139, 140, 141, 142, 143, 145, 146, 147, 149, 151, 153, 154, 155, 156, 157, 159, 161, 178, 179, 181, 182, 183, 184, 186, 205, 206, 207, 208], "excluded_lines": [], "functions": {"HelpFormatter.format_command_list": {"executed_lines": [70, 71, 73, 74, 75, 76, 78], "summary": {"covered_lines": 7, "num_statements": 7, "percent_covered": 100.0, "percent_covered_display": "100", "missing_lines": 0, "excluded_lines": 0}, "missing_lines": [], "excluded_lines": []}, "HelpFormatter.format_command_details": {"executed_lines": [95, 97, 98, 99, 100, 101, 102, 103, 104, 106, 107, 109, 110, 111, 112, 113, 115, 116, 118], "summary": {"covered_lines": 19, "num_statements": 20, "percent_covered": 95.0, "percent_covered_display": "95", "missing_lines": 1, "excluded_lines": 0}, "missing_lines": [105], "excluded_lines": []}, "HelpFormatter.format_group_help": {"executed_lines": [], "summary": {"covered_lines": 0, "num_statements": 17, "percent_covered": 0.0, "percent_covered_display": "0", "missing_lines": 17, "excluded_lines": 0}, "missing_lines": [139, 140, 141, 142, 143, 145, 146, 147, 149, 151, 153, 154, 155, 156, 157, 159, 161], "excluded_lines": []}, "HelpFormatter.format_aliases": {"executed_lines": [], "summary": {"covered_lines": 0, "num_statements": 7, "percent_covered": 0.0, "percent_covered_display": "0", "missing_lines": 7, "excluded_lines": 0}, "missing_lines": [178, 179, 181, 182, 183, 184, 186], "excluded_lines": []}, "HelpFormatter.format_error": {"executed_lines": [], "summary": {"covered_lines": 0, "num_statements": 4, "percent_covered": 0.0, "percent_covered_display": "0", "missing_lines": 4, "excluded_lines": 0}, "missing_lines": [205, 206, 207, 208], "excluded_lines": []}, "": {"executed_lines": [1, 17, 18, 19, 32, 47, 48, 55, 56, 80, 81, 120, 121, 163, 164, 188, 189], "summary": {"covered_lines": 15, "num_statements": 15, "percent_covered": 100.0, "percent_covered_display": "100", "missing_lines": 0, "excluded_lines": 0}, "missing_lines": [], "excluded_lines": []}}, "classes": {"HelpFormatter": {"executed_lines": [70, 71, 73, 74, 75, 76, 78, 95, 97, 98, 99, 100, 101, 102, 103, 104, 106, 107, 109, 110, 111, 112, 113, 115, 116, 118], "summary": {"covered_lines": 26, "num_statements": 55, "percent_covered": 47.27272727272727, "percent_covered_display": "47", "missing_lines": 29, "excluded_lines": 0}, "missing_lines": [105, 139, 140, 141, 142, 143, 145, 146, 147, 149, 151, 153, 154, 155, 156, 157, 159, 161, 178, 179, 181, 182, 183, 184, 186, 205, 206, 207, 208], "excluded_lines": []}, "": {"executed_lines": [1, 17, 18, 19, 32, 47, 48, 55, 56, 80, 81, 120, 121, 163, 164, 188, 189], "summary": {"covered_lines": 15, "num_statements": 15, "percent_covered": 100.0, "percent_covered_display": "100", "missing_lines": 0, "excluded_lines": 0}, "missing_lines": [], "excluded_lines": []}}}, "src/basefunctions/cli/output_formatter.py": {"executed_lines": [1, 20, 21, 22, 23, 28, 29, 30, 39, 54, 55, 59, 60, 62, 63, 64, 65, 66, 67, 69, 70, 71, 72, 73, 74, 76, 85, 86, 88, 91, 92, 93, 95, 97, 98, 100, 115, 128, 129, 130, 131, 133, 134, 136, 137, 139, 145, 147, 163, 164, 166, 168, 169, 171, 172, 174, 176, 177, 179, 180, 181, 186, 187, 190, 207, 219, 231], "summary": {"covered_lines": 65, "num_statements": 96, "percent_covered": 67.70833333333333, "percent_covered_display": "68", "missing_lines": 31, "excluded_lines": 0}, "missing_lines": [89, 109, 110, 112, 113, 140, 141, 142, 143, 148, 149, 150, 151, 152, 153, 154, 155, 156, 158, 159, 161, 170, 183, 200, 201, 202, 203, 204, 216, 228, 244], "excluded_lines": [], "functions": {"OutputFormatter.__new__": {"executed_lines": [63, 64, 65, 66, 67], "summary": {"covered_lines": 5, "num_statements": 5, "percent_covered": 100.0, "percent_covered_display": "100", "missing_lines": 0, "excluded_lines": 0}, "missing_lines": [], "excluded_lines": []}, "OutputFormatter.__init__": {"executed_lines": [70, 71, 72, 73, 74], "summary": {"covered_lines": 5, "num_statements": 5, "percent_covered": 100.0, "percent_covered_display": "100", "missing_lines": 0, "excluded_lines": 0}, "missing_lines": [], "excluded_lines": []}, "OutputFormatter.show_header": {"executed_lines": [85, 86, 88, 91, 92, 93, 95, 97, 98], "summary": {"covered_lines": 9, "num_statements": 10, "percent_covered": 90.0, "percent_covered_display": "90", "missing_lines": 1, "excluded_lines": 0}, "missing_lines": [89], "excluded_lines": []}, "OutputFormatter.show_progress": {"executed_lines": [], "summary": {"covered_lines": 0, "num_statements": 4, "percent_covered": 0.0, "percent_covered_display": "0", "missing_lines": 4, "excluded_lines": 0}, "missing_lines": [109, 110, 112, 113], "excluded_lines": []}, "OutputFormatter.show_result": {"executed_lines": [128, 129, 130, 131, 133, 134, 136, 137, 139, 145, 147, 163, 164, 166, 168, 169, 171, 172, 174, 176, 177, 179, 180, 181], "summary": {"covered_lines": 24, "num_statements": 42, "percent_covered": 57.142857142857146, "percent_covered_display": "57", "missing_lines": 18, "excluded_lines": 0}, "missing_lines": [140, 141, 142, 143, 148, 149, 150, 151, 152, 153, 154, 155, 156, 158, 159, 161, 170, 183], "excluded_lines": []}, "_get_formatter": {"executed_lines": [], "summary": {"covered_lines": 0, "num_statements": 5, "percent_covered": 0.0, "percent_covered_display": "0", "missing_lines": 5, "excluded_lines": 0}, "missing_lines": [200, 201, 202, 203, 204], "excluded_lines": []}, "show_header": {"executed_lines": [], "summary": {"covered_lines": 0, "num_statements": 1, "percent_covered": 0.0, "percent_covered_display": "0", "missing_lines": 1, "excluded_lines": 0}, "missing_lines": [216], "excluded_lines": []}, "show_progress": {"executed_lines": [], "summary": {"covered_lines": 0, "num_statements": 1, "percent_covered": 0.0, "percent_covered_display": "0", "missing_lines": 1, "excluded_lines": 0}, "missing_lines": [228], "excluded_lines": []}, "show_result": {"executed_lines": [], "summary": {"covered_lines": 0, "num_statements": 1, "percent_covered": 0.0, "percent_covered_display": "0", "missing_lines": 1, "excluded_lines": 0}, "missing_lines": [244], "excluded_lines": []}, "": {"executed_lines": [1, 20, 21, 22, 23, 28, 29, 30, 39, 54, 55, 59, 60, 62, 69, 76, 100, 115, 186, 187, 190, 207, 219, 231], "summary": {"covered_lines": 22, "num_statements": 22, "percent_covered": 100.0, "percent_covered_display": "100", "missing_lines": 0, "excluded_lines": 0}, "missing_lines": [], "excluded_lines": []}}, "classes": {"OutputFormatter": {"executed_lines": [63, 64, 65, 66, 67, 70, 71, 72, 73, 74, 85, 86, 88, 91, 92, 93, 95, 97, 98, 128, 129, 130, 131, 133, 134, 136, 137, 139, 145, 147, 163, 164, 166, 168, 169, 171, 172, 174, 176, 177, 179, 180, 181], "summary": {"covered_lines": 43, "num_statements": 66, "percent_covered": 65.15151515151516, "percent_covered_display": "65", "missing_lines": 23, "excluded_lines": 0}, "missing_lines": [89, 109, 110, 112, 113, 140, 141, 142, 143, 148, 149, 150, 151, 152, 153, 154, 155, 156, 158, 159, 161, 170, 183], "excluded_lines": []}, "": {"executed_lines": [1, 20, 21, 22, 23, 28, 29, 30, 39, 54, 55, 59, 60, 62, 69, 76, 100, 115, 186, 187, 190, 207, 219, 231], "summary": {"covered_lines": 22, "num_statements": 30, "percent_covered": 73.33333333333333, "percent_covered_display": "73", "missing_lines": 8, "excluded_lines": 0}, "missing_lines": [200, 201, 202, 203, 204, 216, 228, 244], "excluded_lines": []}}}, "src/basefunctions/cli/progress_tracker.py": {"executed_lines": [1, 19, 20, 21, 48, 49, 55, 56, 67, 68, 72, 74, 76, 78, 81, 82, 88, 99, 100, 102, 103, 104, 106, 107, 109, 118, 119, 121, 123], "summary": {"covered_lines": 26, "num_statements": 28, "percent_covered": 92.85714285714286, "percent_covered_display": "93", "missing_lines": 2, "excluded_lines": 0}, "missing_lines": [65, 70], "excluded_lines": [], "functions": {"ProgressTracker.progress": {"executed_lines": [], "summary": {"covered_lines": 0, "num_statements": 1, "percent_covered": 0.0, "percent_covered_display": "0", "missing_lines": 1, "excluded_lines": 0}, "missing_lines": [65], "excluded_lines": []}, "ProgressTracker.close": {"executed_lines": [], "summary": {"covered_lines": 0, "num_statements": 1, "percent_covered": 0.0, "percent_covered_display": "0", "missing_lines": 1, "excluded_lines": 0}, "missing_lines": [70], "excluded_lines": []}, "ProgressTracker.__enter__": {"executed_lines": [74], "summary": {"covered_lines": 1, "num_statements": 1, "percent_covered": 100.0, "percent_covered_display": "100", "missing_lines": 0, "excluded_lines": 0}, "missing_lines": [], "excluded_lines": []}, "ProgressTracker.__exit__": {"executed_lines": [78], "summary": {"covered_lines": 1, "num_statements": 1, "percent_covered": 100.0, "percent_covered_display": "100", "missing_lines": 0, "excluded_lines": 0}, "missing_lines": [], "excluded_lines": []}, "TqdmProgressTracker.__init__": {"executed_lines": [99, 100, 102, 103, 104, 106, 107], "summary": {"covered_lines": 7, "num_statements": 7, "percent_covered": 100.0, "percent_covered_display": "100", "missing_lines": 0, "excluded_lines": 0}, "missing_lines": [], "excluded_lines": []}, "TqdmProgressTracker.progress": {"executed_lines": [118, 119], "summary": {"covered_lines": 2, "num_statements": 2, "percent_covered": 100.0, "percent_covered_display": "100", "missing_lines": 0, "excluded_lines": 0}, "missing_lines": [], "excluded_lines": []}, "TqdmProgressTracker.close": {"executed_lines": [123], "summary": {"covered_lines": 1, "num_statements": 1, "percent_covered": 100.0, "percent_covered_display": "100", "missing_lines": 0, "excluded_lines": 0}, "missing_lines": [], "excluded_lines": []}, "": {"executed_lines": [1, 19, 20, 21, 48, 49, 55, 56, 67, 68, 72, 76, 81, 82, 88, 109, 121], "summary": {"covered_lines": 14, "num_statements": 14, "percent_covered": 100.0, "percent_covered_display": "100", "missing_lines": 0, "excluded_lines": 0}, "missing_lines": [], "excluded_lines": []}}, "classes": {"ProgressTracker": {"executed_lines": [74, 78], "summary": {"covered_lines": 2, "num_statements": 4, "percent_covered": 50.0, "percent_covered_display": "50", "missing_lines": 2, "excluded_lines": 0}, "missing_lines": [65, 70], "excluded_lines": []}, "TqdmProgressTracker": {"executed_lines": [99, 100, 102, 103, 104, 106, 107, 118, 119, 123], "summary": {"covered_lines": 10, "num_statements": 10, "percent_covered": 100.0, "percent_covered_display": "100", "missing_lines": 0, "excluded_lines": 0}, "missing_lines": [], "excluded_lines": []}, "": {"executed_lines": [1, 19, 20, 21, 48, 49, 55, 56, 67, 68, 72, 76, 81, 82, 88, 109, 121], "summary": {"covered_lines": 14, "num_statements": 14, "percent_covered": 100.0, "percent_covered_display": "100", "missing_lines": 0, "excluded_lines": 0}, "missing_lines": [], "excluded_lines": []}}}, "src/basefunctions/config/config_handler.py": {"executed_lines": [1, 28, 29, 30, 31, 32, 33, 34, 39, 48, 63, 64, 65, 69, 70, 71, 72, 75, 77, 86, 87, 88, 90, 91, 92, 93, 94, 95, 96, 97, 98, 99, 100, 101, 102, 104, 113, 114, 115, 117, 118, 120, 121, 124, 125, 127, 129, 130, 131, 132, 133, 136, 138, 139, 145, 154, 156, 159, 160, 163, 164, 167, 170, 172, 181, 183, 186, 188, 193, 199, 211, 225, 226, 227, 228, 230, 246, 247, 248, 250, 251, 252, 253, 255], "summary": {"covered_lines": 82, "num_statements": 89, "percent_covered": 92.13483146067416, "percent_covered_display": "92", "missing_lines": 7, "excluded_lines": 0}, "missing_lines": [141, 142, 143, 189, 195, 196, 209], "excluded_lines": [], "functions": {"ConfigHandler.__init__": {"executed_lines": [70, 71, 72, 75], "summary": {"covered_lines": 4, "num_statements": 4, "percent_covered": 100.0, "percent_covered_display": "100", "missing_lines": 0, "excluded_lines": 0}, "missing_lines": [], "excluded_lines": []}, "ConfigHandler.load_config_file": {"executed_lines": [86, 87, 88, 90, 91, 92, 93, 94, 95, 96, 97, 98, 99, 100, 101, 102], "summary": {"covered_lines": 16, "num_statements": 16, "percent_covered": 100.0, "percent_covered_display": "100", "missing_lines": 0, "excluded_lines": 0}, "missing_lines": [], "excluded_lines": []}, "ConfigHandler.create_config_from_template": {"executed_lines": [113, 114, 115, 117, 118, 120, 121, 124, 125, 127, 129, 130, 131, 132, 133, 136, 138, 139], "summary": {"covered_lines": 18, "num_statements": 21, "percent_covered": 85.71428571428571, "percent_covered_display": "86", "missing_lines": 3, "excluded_lines": 0}, "missing_lines": [141, 142, 143], "excluded_lines": []}, "ConfigHandler.load_config_for_package": {"executed_lines": [154, 156, 159, 160, 163, 164, 167, 170], "summary": {"covered_lines": 8, "num_statements": 8, "percent_covered": 100.0, "percent_covered_display": "100", "missing_lines": 0, "excluded_lines": 0}, "missing_lines": [], "excluded_lines": []}, "ConfigHandler._create_full_package_structure": {"executed_lines": [181, 183, 186, 188, 193], "summary": {"covered_lines": 5, "num_statements": 8, "percent_covered": 62.5, "percent_covered_display": "62", "missing_lines": 3, "excluded_lines": 0}, "missing_lines": [189, 195, 196], "excluded_lines": []}, "ConfigHandler.create_config_for_package": {"executed_lines": [], "summary": {"covered_lines": 0, "num_statements": 1, "percent_covered": 0.0, "percent_covered_display": "0", "missing_lines": 1, "excluded_lines": 0}, "missing_lines": [209], "excluded_lines": []}, "ConfigHandler.get_config_for_package": {"executed_lines": [225, 226, 227, 228], "summary": {"covered_lines": 4, "num_statements": 4, "percent_covered": 100.0, "percent_covered_display": "100", "missing_lines": 0, "excluded_lines": 0}, "missing_lines": [], "excluded_lines": []}, "ConfigHandler.get_config_parameter": {"executed_lines": [246, 247, 248, 250, 251, 252, 253, 255], "summary": {"covered_lines": 8, "num_statements": 8, "percent_covered": 100.0, "percent_covered_display": "100", "missing_lines": 0, "excluded_lines": 0}, "missing_lines": [], "excluded_lines": []}, "": {"executed_lines": [1, 28, 29, 30, 31, 32, 33, 34, 39, 48, 63, 64, 65, 69, 77, 104, 145, 172, 199, 211, 230], "summary": {"covered_lines": 19, "num_statements": 19, "percent_covered": 100.0, "percent_covered_display": "100", "missing_lines": 0, "excluded_lines": 0}, "missing_lines": [], "excluded_lines": []}}, "classes": {"ConfigHandler": {"executed_lines": [70, 71, 72, 75, 86, 87, 88, 90, 91, 92, 93, 94, 95, 96, 97, 98, 99, 100, 101, 102, 113, 114, 115, 117, 118, 120, 121, 124, 125, 127, 129, 130, 131, 132, 133, 136, 138, 139, 154, 156, 159, 160, 163, 164, 167, 170, 181, 183, 186, 188, 193, 225, 226, 227, 228, 246, 247, 248, 250, 251, 252, 253, 255], "summary": {"covered_lines": 63, "num_statements": 70, "percent_covered": 90.0, "percent_covered_display": "90", "missing_lines": 7, "excluded_lines": 0}, "missing_lines": [141, 142, 143, 189, 195, 196, 209], "excluded_lines": []}, "": {"executed_lines": [1, 28, 29, 30, 31, 32, 33, 34, 39, 48, 63, 64, 65, 69, 77, 104, 145, 172, 199, 211, 230], "summary": {"covered_lines": 19, "num_statements": 19, "percent_covered": 100.0, "percent_covered_display": "100", "missing_lines": 0, "excluded_lines": 0}, "missing_lines": [], "excluded_lines": []}}}, "src/basefunctions/config/secret_handler.py": {"executed_lines": [1, 23, 24, 25, 26, 27, 28, 42, 49, 50, 51, 56, 66, 67, 68, 69, 71, 72, 73, 74, 76, 93, 94, 95, 96, 98, 113, 115, 125], "summary": {"covered_lines": 27, "num_statements": 27, "percent_covered": 100.0, "percent_covered_display": "100", "missing_lines": 0, "excluded_lines": 0}, "missing_lines": [], "excluded_lines": [], "functions": {"SecretHandler.__init__": {"executed_lines": [66, 67, 68, 69, 71, 72, 73, 74], "summary": {"covered_lines": 8, "num_statements": 8, "percent_covered": 100.0, "percent_covered_display": "100", "missing_lines": 0, "excluded_lines": 0}, "missing_lines": [], "excluded_lines": []}, "SecretHandler.get_secret_value": {"executed_lines": [93, 94, 95, 96], "summary": {"covered_lines": 4, "num_statements": 4, "percent_covered": 100.0, "percent_covered_display": "100", "missing_lines": 0, "excluded_lines": 0}, "missing_lines": [], "excluded_lines": []}, "SecretHandler.__getitem__": {"executed_lines": [113], "summary": {"covered_lines": 1, "num_statements": 1, "percent_covered": 100.0, "percent_covered_display": "100", "missing_lines": 0, "excluded_lines": 0}, "missing_lines": [], "excluded_lines": []}, "SecretHandler.get_all_secrets": {"executed_lines": [125], "summary": {"covered_lines": 1, "num_statements": 1, "percent_covered": 100.0, "percent_covered_display": "100", "missing_lines": 0, "excluded_lines": 0}, "missing_lines": [], "excluded_lines": []}, "": {"executed_lines": [1, 23, 24, 25, 26, 27, 28, 42, 49, 50, 51, 56, 76, 98, 115], "summary": {"covered_lines": 13, "num_statements": 13, "percent_covered": 100.0, "percent_covered_display": "100", "missing_lines": 0, "excluded_lines": 0}, "missing_lines": [], "excluded_lines": []}}, "classes": {"SecretHandler": {"executed_lines": [66, 67, 68, 69, 71, 72, 73, 74, 93, 94, 95, 96, 113, 125], "summary": {"covered_lines": 14, "num_statements": 14, "percent_covered": 100.0, "percent_covered_display": "100", "missing_lines": 0, "excluded_lines": 0}, "missing_lines": [], "excluded_lines": []}, "": {"executed_lines": [1, 23, 24, 25, 26, 27, 28, 42, 49, 50, 51, 56, 76, 98, 115], "summary": {"covered_lines": 13, "num_statements": 13, "percent_covered": 100.0, "percent_covered_display": "100", "missing_lines": 0, "excluded_lines": 0}, "missing_lines": [], "excluded_lines": []}}}, "src/basefunctions/events/corelet_worker.py": {"executed_lines": [1, 23, 24, 25, 26, 27, 28, 29, 30, 31, 32, 33, 34, 35, 36, 41, 42, 43, 53, 60, 61, 129, 142, 160, 161, 162, 163, 164, 165, 166, 167, 168, 170, 178, 179, 180, 182, 184, 186, 190, 198, 201, 202, 204, 205, 206, 209, 212, 213, 216, 217, 218, 221, 225, 226, 227, 232, 233, 234, 235, 237, 238, 240, 242, 243, 247, 248, 249, 252, 254, 274, 277, 278, 282, 285, 287, 288, 289, 291, 305, 307, 316, 317, 318, 319, 322, 323, 326, 327, 330, 331, 332, 339, 340, 341, 342, 344, 357, 359, 362, 363, 365, 366, 367, 368, 370, 374, 375, 377, 379, 380, 385, 387, 388, 390, 391, 393, 394, 396, 400, 401, 402, 403, 405, 406, 407, 408, 412, 440, 441, 443, 444, 447, 448, 451, 452, 455, 456, 459, 460, 463, 465, 467, 468, 473, 491, 492, 493, 495, 496, 497, 498, 499, 500, 502, 503], "summary": {"covered_lines": 154, "num_statements": 159, "percent_covered": 96.85534591194968, "percent_covered_display": "97", "missing_lines": 5, "excluded_lines": 0}, "missing_lines": [222, 244, 245, 504, 505], "excluded_lines": [], "functions": {"CoreletWorker.__init__": {"executed_lines": [160, 161, 162, 163, 164, 165, 166, 167, 168], "summary": {"covered_lines": 9, "num_statements": 9, "percent_covered": 100.0, "percent_covered_display": "100", "missing_lines": 0, "excluded_lines": 0}, "missing_lines": [], "excluded_lines": []}, "CoreletWorker.run": {"executed_lines": [178, 179, 180, 182, 184, 186, 190, 198, 201, 202, 204, 205, 206, 209, 212, 213, 216, 217, 218, 221, 225, 226, 227, 232, 233, 234, 235, 237, 238, 240, 242, 243, 247, 248, 249, 252], "summary": {"covered_lines": 36, "num_statements": 39, "percent_covered": 92.3076923076923, "percent_covered_display": "92", "missing_lines": 3, "excluded_lines": 0}, "missing_lines": [222, 244, 245], "excluded_lines": []}, "CoreletWorker._process_event": {"executed_lines": [274, 277, 278, 282, 285, 287, 288, 289], "summary": {"covered_lines": 8, "num_statements": 8, "percent_covered": 100.0, "percent_covered_display": "100", "missing_lines": 0, "excluded_lines": 0}, "missing_lines": [], "excluded_lines": []}, "CoreletWorker._is_handler_registered": {"executed_lines": [305], "summary": {"covered_lines": 1, "num_statements": 1, "percent_covered": 100.0, "percent_covered_display": "100", "missing_lines": 0, "excluded_lines": 0}, "missing_lines": [], "excluded_lines": []}, "CoreletWorker._register_from_meta": {"executed_lines": [316, 317, 318, 319, 322, 323, 326, 327, 330, 331, 332, 339, 340, 341, 342], "summary": {"covered_lines": 15, "num_statements": 15, "percent_covered": 100.0, "percent_covered_display": "100", "missing_lines": 0, "excluded_lines": 0}, "missing_lines": [], "excluded_lines": []}, "CoreletWorker._send_result": {"executed_lines": [357, 359, 362, 363, 365, 366, 367, 368], "summary": {"covered_lines": 8, "num_statements": 8, "percent_covered": 100.0, "percent_covered_display": "100", "missing_lines": 0, "excluded_lines": 0}, "missing_lines": [], "excluded_lines": []}, "CoreletWorker._setup_signal_handlers": {"executed_lines": [374, 375, 377, 379, 387, 388, 390, 391, 393, 394], "summary": {"covered_lines": 10, "num_statements": 10, "percent_covered": 100.0, "percent_covered_display": "100", "missing_lines": 0, "excluded_lines": 0}, "missing_lines": [], "excluded_lines": []}, "CoreletWorker._setup_signal_handlers.signal_handler": {"executed_lines": [380, 385], "summary": {"covered_lines": 2, "num_statements": 2, "percent_covered": 100.0, "percent_covered_display": "100", "missing_lines": 0, "excluded_lines": 0}, "missing_lines": [], "excluded_lines": []}, "CoreletWorker._set_process_priority": {"executed_lines": [400, 401, 402, 403, 405, 406, 407, 408], "summary": {"covered_lines": 8, "num_statements": 8, "percent_covered": 100.0, "percent_covered_display": "100", "missing_lines": 0, "excluded_lines": 0}, "missing_lines": [], "excluded_lines": []}, "CoreletWorker._get_handler": {"executed_lines": [440, 441, 443, 444, 447, 448, 451, 452, 455, 456, 459, 460, 463, 465, 467, 468], "summary": {"covered_lines": 16, "num_statements": 16, "percent_covered": 100.0, "percent_covered_display": "100", "missing_lines": 0, "excluded_lines": 0}, "missing_lines": [], "excluded_lines": []}, "worker_main": {"executed_lines": [491, 492, 493, 495, 496, 497, 498, 499, 500, 502, 503], "summary": {"covered_lines": 11, "num_statements": 13, "percent_covered": 84.61538461538461, "percent_covered_display": "85", "missing_lines": 2, "excluded_lines": 0}, "missing_lines": [504, 505], "excluded_lines": []}, "": {"executed_lines": [1, 23, 24, 25, 26, 27, 28, 29, 30, 31, 32, 33, 34, 35, 36, 41, 42, 43, 53, 60, 61, 129, 142, 170, 254, 291, 307, 344, 370, 396, 412, 473], "summary": {"covered_lines": 30, "num_statements": 30, "percent_covered": 100.0, "percent_covered_display": "100", "missing_lines": 0, "excluded_lines": 0}, "missing_lines": [], "excluded_lines": []}}, "classes": {"CoreletWorker": {"executed_lines": [160, 161, 162, 163, 164, 165, 166, 167, 168, 178, 179, 180, 182, 184, 186, 190, 198, 201, 202, 204, 205, 206, 209, 212, 213, 216, 217, 218, 221, 225, 226, 227, 232, 233, 234, 235, 237, 238, 240, 242, 243, 247, 248, 249, 252, 274, 277, 278, 282, 285, 287, 288, 289, 305, 316, 317, 318, 319, 322, 323, 326, 327, 330, 331, 332, 339, 340, 341, 342, 357, 359, 362, 363, 365, 366, 367, 368, 374, 375, 377, 379, 380, 385, 387, 388, 390, 391, 393, 394, 400, 401, 402, 403, 405, 406, 407, 408, 440, 441, 443, 444, 447, 448, 451, 452, 455, 456, 459, 460, 463, 465, 467, 468], "summary": {"covered_lines": 113, "num_statements": 116, "percent_covered": 97.41379310344827, "percent_covered_display": "97", "missing_lines": 3, "excluded_lines": 0}, "missing_lines": [222, 244, 245], "excluded_lines": []}, "": {"executed_lines": [1, 23, 24, 25, 26, 27, 28, 29, 30, 31, 32, 33, 34, 35, 36, 41, 42, 43, 53, 60, 61, 129, 142, 170, 254, 291, 307, 344, 370, 396, 412, 473, 491, 492, 493, 495, 496, 497, 498, 499, 500, 502, 503], "summary": {"covered_lines": 41, "num_statements": 43, "percent_covered": 95.34883720930233, "percent_covered_display": "95", "missing_lines": 2, "excluded_lines": 0}, "missing_lines": [504, 505], "excluded_lines": []}}}, "src/basefunctions/events/event.py": {"executed_lines": [1, 25, 26, 27, 28, 29, 32, 38, 39, 40, 41, 43, 45, 46, 47, 57, 64, 65, 147, 164, 210, 211, 212, 213, 214, 215, 216, 217, 218, 219, 220, 221, 222, 226, 227, 228, 229, 232, 234, 236, 238, 247, 248, 250, 251, 253, 262], "summary": {"covered_lines": 44, "num_statements": 44, "percent_covered": 100.0, "percent_covered_display": "100", "missing_lines": 0, "excluded_lines": 2}, "missing_lines": [], "excluded_lines": [32, 33], "functions": {"Event.__init__": {"executed_lines": [210, 211, 212, 213, 214, 215, 216, 217, 218, 219, 220, 221, 222, 226, 227, 228, 229, 232, 234, 236], "summary": {"covered_lines": 20, "num_statements": 20, "percent_covered": 100.0, "percent_covered_display": "100", "missing_lines": 0, "excluded_lines": 0}, "missing_lines": [], "excluded_lines": []}, "Event._validate_parameters": {"executed_lines": [247, 248, 250, 251], "summary": {"covered_lines": 4, "num_statements": 4, "percent_covered": 100.0, "percent_covered_display": "100", "missing_lines": 0, "excluded_lines": 0}, "missing_lines": [], "excluded_lines": []}, "Event.__repr__": {"executed_lines": [262], "summary": {"covered_lines": 1, "num_statements": 1, "percent_covered": 100.0, "percent_covered_display": "100", "missing_lines": 0, "excluded_lines": 0}, "missing_lines": [], "excluded_lines": []}, "": {"executed_lines": [1, 25, 26, 27, 28, 29, 32, 38, 39, 40, 41, 43, 45, 46, 47, 57, 64, 65, 147, 164, 238, 253], "summary": {"covered_lines": 19, "num_statements": 19, "percent_covered": 100.0, "percent_covered_display": "100", "missing_lines": 0, "excluded_lines": 2}, "missing_lines": [], "excluded_lines": [32, 33]}}, "classes": {"Event": {"executed_lines": [210, 211, 212, 213, 214, 215, 216, 217, 218, 219, 220, 221, 222, 226, 227, 228, 229, 232, 234, 236, 247, 248, 250, 251, 262], "summary": {"covered_lines": 25, "num_statements": 25, "percent_covered": 100.0, "percent_covered_display": "100", "missing_lines": 0, "excluded_lines": 0}, "missing_lines": [], "excluded_lines": []}, "": {"executed_lines": [1, 25, 26, 27, 28, 29, 32, 38, 39, 40, 41, 43, 45, 46, 47, 57, 64, 65, 147, 164, 238, 253], "summary": {"covered_lines": 19, "num_statements": 19, "percent_covered": 100.0, "percent_covered_display": "100", "missing_lines": 0, "excluded_lines": 2}, "missing_lines": [], "excluded_lines": [32, 33]}}}, "src/basefunctions/events/event_bus.py": {"executed_lines": [1, 30, 31, 32, 33, 34, 35, 36, 37, 38, 47, 48, 49, 50, 51, 52, 62, 69, 70, 71, 157, 174, 192, 195, 198, 199, 200, 201, 202, 203, 205, 206, 209, 210, 213, 214, 215, 218, 219, 220, 223, 226, 229, 232, 235, 236, 239, 240, 243, 249, 260, 261, 262, 264, 266, 267, 268, 274, 298, 299, 301, 302, 304, 305, 307, 311, 315, 316, 317, 318, 319, 321, 322, 326, 327, 328, 331, 332, 335, 336, 337, 338, 339, 340, 341, 342, 344, 346, 348, 352, 354, 417, 422, 423, 424, 426, 427, 428, 431, 432, 433, 436, 437, 438, 442, 443, 444, 445, 446, 447, 448, 450, 461, 468, 469, 472, 474, 480, 490, 493, 496, 499, 502, 513, 514, 515, 517, 518, 528, 532, 535, 536, 538, 542, 543, 545, 551, 552, 553, 555, 565, 566, 567, 569, 570, 571, 573, 576, 580, 583, 584, 585, 586, 587, 588, 606, 607, 609, 610, 611, 612, 613, 614, 616, 617, 622, 643, 648, 669, 674, 695, 700, 723, 724, 726, 727, 729, 735, 736, 738, 739, 743, 744, 745, 748, 749, 750, 751, 752, 754, 755, 756, 759, 760, 769, 778, 779, 781, 783, 785, 788, 789, 792, 793, 796, 797, 800, 801, 803, 805, 806, 808, 809, 813, 819, 843, 844, 846, 847, 850, 851, 854, 855, 858, 859, 862, 863, 866, 868, 870, 871, 873, 884, 886, 887, 890, 893, 894, 895], "summary": {"covered_lines": 237, "num_statements": 265, "percent_covered": 89.43396226415095, "percent_covered_display": "89", "missing_lines": 28, "excluded_lines": 0}, "missing_lines": [193, 308, 418, 500, 519, 520, 521, 522, 533, 577, 578, 590, 593, 596, 597, 600, 602, 603, 604, 646, 672, 698, 741, 761, 762, 765, 810, 811], "excluded_lines": [], "functions": {"EventBus.__init__": {"executed_lines": [192, 195, 198, 199, 200, 201, 202, 203, 205, 206, 209, 210, 213, 214, 215, 218, 219, 220, 223, 226, 229, 232, 235, 236, 239, 240, 243], "summary": {"covered_lines": 27, "num_statements": 28, "percent_covered": 96.42857142857143, "percent_covered_display": "96", "missing_lines": 1, "excluded_lines": 0}, "missing_lines": [193], "excluded_lines": []}, "EventBus.set_progress_tracker": {"executed_lines": [260, 261, 262], "summary": {"covered_lines": 3, "num_statements": 3, "percent_covered": 100.0, "percent_covered_display": "100", "missing_lines": 0, "excluded_lines": 0}, "missing_lines": [], "excluded_lines": []}, "EventBus.clear_progress_tracker": {"executed_lines": [266, 267, 268], "summary": {"covered_lines": 3, "num_statements": 3, "percent_covered": 100.0, "percent_covered_display": "100", "missing_lines": 0, "excluded_lines": 0}, "missing_lines": [], "excluded_lines": []}, "EventBus.publish": {"executed_lines": [298, 299, 301, 302, 304, 305, 307, 311, 315, 316, 317, 318, 319, 321, 322, 326, 327, 328, 331, 332, 335, 336, 337, 338, 339, 340, 341, 342, 344, 346], "summary": {"covered_lines": 30, "num_statements": 31, "percent_covered": 96.7741935483871, "percent_covered_display": "97", "missing_lines": 1, "excluded_lines": 0}, "missing_lines": [308], "excluded_lines": []}, "EventBus.join": {"executed_lines": [352], "summary": {"covered_lines": 1, "num_statements": 1, "percent_covered": 100.0, "percent_covered_display": "100", "missing_lines": 0, "excluded_lines": 0}, "missing_lines": [], "excluded_lines": []}, "EventBus.get_results": {"executed_lines": [417, 422, 423, 424, 426, 427, 428, 431, 432, 433, 436, 437, 438, 442, 443, 444, 445, 446, 447, 448], "summary": {"covered_lines": 20, "num_statements": 21, "percent_covered": 95.23809523809524, "percent_covered_display": "95", "missing_lines": 1, "excluded_lines": 0}, "missing_lines": [418], "excluded_lines": []}, "EventBus.shutdown": {"executed_lines": [461, 468, 469, 472, 474], "summary": {"covered_lines": 5, "num_statements": 5, "percent_covered": 100.0, "percent_covered_display": "100", "missing_lines": 0, "excluded_lines": 0}, "missing_lines": [], "excluded_lines": []}, "EventBus._handle_sync_event": {"executed_lines": [490, 493, 496, 499], "summary": {"covered_lines": 4, "num_statements": 5, "percent_covered": 80.0, "percent_covered_display": "80", "missing_lines": 1, "excluded_lines": 0}, "missing_lines": [500], "excluded_lines": []}, "EventBus._handle_thread_and_corelet_event": {"executed_lines": [513, 514, 515, 517, 518], "summary": {"covered_lines": 5, "num_statements": 9, "percent_covered": 55.55555555555556, "percent_covered_display": "56", "missing_lines": 4, "excluded_lines": 0}, "missing_lines": [519, 520, 521, 522], "excluded_lines": []}, "EventBus._setup_thread_system": {"executed_lines": [532, 535, 536], "summary": {"covered_lines": 3, "num_statements": 4, "percent_covered": 75.0, "percent_covered_display": "75", "missing_lines": 1, "excluded_lines": 0}, "missing_lines": [533], "excluded_lines": []}, "EventBus._add_worker_thread": {"executed_lines": [542, 543, 545, 551, 552, 553], "summary": {"covered_lines": 6, "num_statements": 6, "percent_covered": 100.0, "percent_covered_display": "100", "missing_lines": 0, "excluded_lines": 0}, "missing_lines": [], "excluded_lines": []}, "EventBus._worker_loop": {"executed_lines": [565, 566, 567, 569, 570, 571, 573, 576, 580, 583, 584, 585, 586, 587, 588, 606, 607, 609, 610, 611, 612, 613, 614, 616, 617], "summary": {"covered_lines": 25, "num_statements": 35, "percent_covered": 71.42857142857143, "percent_covered_display": "71", "missing_lines": 10, "excluded_lines": 0}, "missing_lines": [577, 578, 590, 593, 596, 597, 600, 602, 603, 604], "excluded_lines": []}, "EventBus._process_event_thread_worker": {"executed_lines": [643], "summary": {"covered_lines": 1, "num_statements": 2, "percent_covered": 50.0, "percent_covered_display": "50", "missing_lines": 1, "excluded_lines": 0}, "missing_lines": [646], "excluded_lines": []}, "EventBus._process_event_cmd_worker": {"executed_lines": [669], "summary": {"covered_lines": 1, "num_statements": 2, "percent_covered": 50.0, "percent_covered_display": "50", "missing_lines": 1, "excluded_lines": 0}, "missing_lines": [672], "excluded_lines": []}, "EventBus._process_event_corelet_worker": {"executed_lines": [695], "summary": {"covered_lines": 1, "num_statements": 2, "percent_covered": 50.0, "percent_covered_display": "50", "missing_lines": 1, "excluded_lines": 0}, "missing_lines": [698], "excluded_lines": []}, "EventBus._retry_with_timeout": {"executed_lines": [723, 724, 726, 727, 729, 735, 736, 738, 739, 743, 744, 745, 748, 749, 750, 751, 752, 754, 755, 756, 759, 760], "summary": {"covered_lines": 22, "num_statements": 26, "percent_covered": 84.61538461538461, "percent_covered_display": "85", "missing_lines": 4, "excluded_lines": 0}, "missing_lines": [741, 761, 762, 765], "excluded_lines": []}, "EventBus._cleanup_corelet": {"executed_lines": [778, 779, 781, 783, 785, 788, 789, 792, 793, 796, 797, 800, 801, 803, 805, 806, 808, 809, 813], "summary": {"covered_lines": 19, "num_statements": 21, "percent_covered": 90.47619047619048, "percent_covered_display": "90", "missing_lines": 2, "excluded_lines": 0}, "missing_lines": [810, 811], "excluded_lines": []}, "EventBus._get_handler": {"executed_lines": [843, 844, 846, 847, 850, 851, 854, 855, 858, 859, 862, 863, 866, 868, 870, 871], "summary": {"covered_lines": 16, "num_statements": 16, "percent_covered": 100.0, "percent_covered_display": "100", "missing_lines": 0, "excluded_lines": 0}, "missing_lines": [], "excluded_lines": []}, "EventBus._add_result_with_lru": {"executed_lines": [884, 886, 887, 890, 893, 894, 895], "summary": {"covered_lines": 7, "num_statements": 7, "percent_covered": 100.0, "percent_covered_display": "100", "missing_lines": 0, "excluded_lines": 0}, "missing_lines": [], "excluded_lines": []}, "": {"executed_lines": [1, 30, 31, 32, 33, 34, 35, 36, 37, 38, 47, 48, 49, 50, 51, 52, 62, 69, 70, 71, 157, 174, 249, 264, 274, 348, 354, 450, 480, 502, 528, 538, 555, 622, 648, 674, 700, 769, 819, 873], "summary": {"covered_lines": 38, "num_statements": 38, "percent_covered": 100.0, "percent_covered_display": "100", "missing_lines": 0, "excluded_lines": 0}, "missing_lines": [], "excluded_lines": []}}, "classes": {"EventBus": {"executed_lines": [192, 195, 198, 199, 200, 201, 202, 203, 205, 206, 209, 210, 213, 214, 215, 218, 219, 220, 223, 226, 229, 232, 235, 236, 239, 240, 243, 260, 261, 262, 266, 267, 268, 298, 299, 301, 302, 304, 305, 307, 311, 315, 316, 317, 318, 319, 321, 322, 326, 327, 328, 331, 332, 335, 336, 337, 338, 339, 340, 341, 342, 344, 346, 352, 417, 422, 423, 424, 426, 427, 428, 431, 432, 433, 436, 437, 438, 442, 443, 444, 445, 446, 447, 448, 461, 468, 469, 472, 474, 490, 493, 496, 499, 513, 514, 515, 517, 518, 532, 535, 536, 542, 543, 545, 551, 552, 553, 565, 566, 567, 569, 570, 571, 573, 576, 580, 583, 584, 585, 586, 587, 588, 606, 607, 609, 610, 611, 612, 613, 614, 616, 617, 643, 669, 695, 723, 724, 726, 727, 729, 735, 736, 738, 739, 743, 744, 745, 748, 749, 750, 751, 752, 754, 755, 756, 759, 760, 778, 779, 781, 783, 785, 788, 789, 792, 793, 796, 797, 800, 801, 803, 805, 806, 808, 809, 813, 843, 844, 846, 847, 850, 851, 854, 855, 858, 859, 862, 863, 866, 868, 870, 871, 884, 886, 887, 890, 893, 894, 895], "summary": {"covered_lines": 199, "num_statements": 227, "percent_covered": 87.66519823788546, "percent_covered_display": "88", "missing_lines": 28, "excluded_lines": 0}, "missing_lines": [193, 308, 418, 500, 519, 520, 521, 522, 533, 577, 578, 590, 593, 596, 597, 600, 602, 603, 604, 646, 672, 698, 741, 761, 762, 765, 810, 811], "excluded_lines": []}, "": {"executed_lines": [1, 30, 31, 32, 33, 34, 35, 36, 37, 38, 47, 48, 49, 50, 51, 52, 62, 69, 70, 71, 157, 174, 249, 264, 274, 348, 354, 450, 480, 502, 528, 538, 555, 622, 648, 674, 700, 769, 819, 873], "summary": {"covered_lines": 38, "num_statements": 38, "percent_covered": 100.0, "percent_covered_display": "100", "missing_lines": 0, "excluded_lines": 0}, "missing_lines": [], "excluded_lines": []}}}, "src/basefunctions/events/event_context.py": {"executed_lines": [1, 21, 22, 23, 42, 49, 50, 137, 146, 174, 175, 177, 178, 179, 181], "summary": {"covered_lines": 13, "num_statements": 13, "percent_covered": 100.0, "percent_covered_display": "100", "missing_lines": 0, "excluded_lines": 0}, "missing_lines": [], "excluded_lines": [], "functions": {"EventContext.__init__": {"executed_lines": [174, 175, 177, 178, 179, 181], "summary": {"covered_lines": 6, "num_statements": 6, "percent_covered": 100.0, "percent_covered_display": "100", "missing_lines": 0, "excluded_lines": 0}, "missing_lines": [], "excluded_lines": []}, "": {"executed_lines": [1, 21, 22, 23, 42, 49, 50, 137, 146], "summary": {"covered_lines": 7, "num_statements": 7, "percent_covered": 100.0, "percent_covered_display": "100", "missing_lines": 0, "excluded_lines": 0}, "missing_lines": [], "excluded_lines": []}}, "classes": {"EventContext": {"executed_lines": [174, 175, 177, 178, 179, 181], "summary": {"covered_lines": 6, "num_statements": 6, "percent_covered": 100.0, "percent_covered_display": "100", "missing_lines": 0, "excluded_lines": 0}, "missing_lines": [], "excluded_lines": []}, "": {"executed_lines": [1, 21, 22, 23, 42, 49, 50, 137, 146], "summary": {"covered_lines": 7, "num_statements": 7, "percent_covered": 100.0, "percent_covered_display": "100", "missing_lines": 0, "excluded_lines": 0}, "missing_lines": [], "excluded_lines": []}}}, "src/basefunctions/events/event_exceptions.py": {"executed_lines": [1, 23, 37, 48, 49, 60, 63, 64, 75, 78, 79, 91, 94, 95, 107, 110, 111, 128, 137, 138, 140, 143, 144, 156], "summary": {"covered_lines": 17, "num_statements": 17, "percent_covered": 100.0, "percent_covered_display": "100", "missing_lines": 0, "excluded_lines": 0}, "missing_lines": [], "excluded_lines": [], "functions": {"NoHandlerAvailableError.__init__": {"executed_lines": [137, 138, 140], "summary": {"covered_lines": 3, "num_statements": 3, "percent_covered": 100.0, "percent_covered_display": "100", "missing_lines": 0, "excluded_lines": 0}, "missing_lines": [], "excluded_lines": []}, "": {"executed_lines": [1, 23, 37, 48, 49, 60, 63, 64, 75, 78, 79, 91, 94, 95, 107, 110, 111, 128, 143, 144, 156], "summary": {"covered_lines": 14, "num_statements": 14, "percent_covered": 100.0, "percent_covered_display": "100", "missing_lines": 0, "excluded_lines": 0}, "missing_lines": [], "excluded_lines": []}}, "classes": {"EventValidationError": {"executed_lines": [], "summary": {"covered_lines": 0, "num_statements": 0, "percent_covered": 100.0, "percent_covered_display": "100", "missing_lines": 0, "excluded_lines": 0}, "missing_lines": [], "excluded_lines": []}, "EventExecutionError": {"executed_lines": [], "summary": {"covered_lines": 0, "num_statements": 0, "percent_covered": 100.0, "percent_covered_display": "100", "missing_lines": 0, "excluded_lines": 0}, "missing_lines": [], "excluded_lines": []}, "EventConnectionError": {"executed_lines": [], "summary": {"covered_lines": 0, "num_statements": 0, "percent_covered": 100.0, "percent_covered_display": "100", "missing_lines": 0, "excluded_lines": 0}, "missing_lines": [], "excluded_lines": []}, "EventShutdownError": {"executed_lines": [], "summary": {"covered_lines": 0, "num_statements": 0, "percent_covered": 100.0, "percent_covered_display": "100", "missing_lines": 0, "excluded_lines": 0}, "missing_lines": [], "excluded_lines": []}, "NoHandlerAvailableError": {"executed_lines": [137, 138, 140], "summary": {"covered_lines": 3, "num_statements": 3, "percent_covered": 100.0, "percent_covered_display": "100", "missing_lines": 0, "excluded_lines": 0}, "missing_lines": [], "excluded_lines": []}, "InvalidEventError": {"executed_lines": [], "summary": {"covered_lines": 0, "num_statements": 0, "percent_covered": 100.0, "percent_covered_display": "100", "missing_lines": 0, "excluded_lines": 0}, "missing_lines": [], "excluded_lines": []}, "": {"executed_lines": [1, 23, 37, 48, 49, 60, 63, 64, 75, 78, 79, 91, 94, 95, 107, 110, 111, 128, 143, 144, 156], "summary": {"covered_lines": 14, "num_statements": 14, "percent_covered": 100.0, "percent_covered_display": "100", "missing_lines": 0, "excluded_lines": 0}, "missing_lines": [], "excluded_lines": []}}}, "src/basefunctions/events/event_factory.py": {"executed_lines": [1, 24, 25, 26, 27, 41, 48, 49, 50, 131, 132, 133, 135, 151, 152, 153, 154, 156, 157, 159, 184, 185, 187, 188, 189, 191, 192, 193, 194, 195, 196, 198, 212, 213, 215, 216, 218, 237, 238, 240, 242, 261, 262, 264, 265, 266, 268, 269, 275, 284, 285], "summary": {"covered_lines": 49, "num_statements": 49, "percent_covered": 100.0, "percent_covered_display": "100", "missing_lines": 0, "excluded_lines": 0}, "missing_lines": [], "excluded_lines": [], "functions": {"EventFactory.__init__": {"executed_lines": [132, 133], "summary": {"covered_lines": 2, "num_statements": 2, "percent_covered": 100.0, "percent_covered_display": "100", "missing_lines": 0, "excluded_lines": 0}, "missing_lines": [], "excluded_lines": []}, "EventFactory.register_event_type": {"executed_lines": [151, 152, 153, 154, 156, 157], "summary": {"covered_lines": 6, "num_statements": 6, "percent_covered": 100.0, "percent_covered_display": "100", "missing_lines": 0, "excluded_lines": 0}, "missing_lines": [], "excluded_lines": []}, "EventFactory.create_handler": {"executed_lines": [184, 185, 187, 188, 189, 191, 192, 193, 194, 195, 196], "summary": {"covered_lines": 11, "num_statements": 11, "percent_covered": 100.0, "percent_covered_display": "100", "missing_lines": 0, "excluded_lines": 0}, "missing_lines": [], "excluded_lines": []}, "EventFactory.is_handler_available": {"executed_lines": [212, 213, 215, 216], "summary": {"covered_lines": 4, "num_statements": 4, "percent_covered": 100.0, "percent_covered_display": "100", "missing_lines": 0, "excluded_lines": 0}, "missing_lines": [], "excluded_lines": []}, "EventFactory.get_handler_type": {"executed_lines": [237, 238, 240], "summary": {"covered_lines": 3, "num_statements": 3, "percent_covered": 100.0, "percent_covered_display": "100", "missing_lines": 0, "excluded_lines": 0}, "missing_lines": [], "excluded_lines": []}, "EventFactory.get_handler_meta": {"executed_lines": [261, 262, 264, 265, 266, 268, 269], "summary": {"covered_lines": 7, "num_statements": 7, "percent_covered": 100.0, "percent_covered_display": "100", "missing_lines": 0, "excluded_lines": 0}, "missing_lines": [], "excluded_lines": []}, "EventFactory.get_supported_event_types": {"executed_lines": [284, 285], "summary": {"covered_lines": 2, "num_statements": 2, "percent_covered": 100.0, "percent_covered_display": "100", "missing_lines": 0, "excluded_lines": 0}, "missing_lines": [], "excluded_lines": []}, "": {"executed_lines": [1, 24, 25, 26, 27, 41, 48, 49, 50, 131, 135, 159, 198, 218, 242, 275], "summary": {"covered_lines": 14, "num_statements": 14, "percent_covered": 100.0, "percent_covered_display": "100", "missing_lines": 0, "excluded_lines": 0}, "missing_lines": [], "excluded_lines": []}}, "classes": {"EventFactory": {"executed_lines": [132, 133, 151, 152, 153, 154, 156, 157, 184, 185, 187, 188, 189, 191, 192, 193, 194, 195, 196, 212, 213, 215, 216, 237, 238, 240, 261, 262, 264, 265, 266, 268, 269, 284, 285], "summary": {"covered_lines": 35, "num_statements": 35, "percent_covered": 100.0, "percent_covered_display": "100", "missing_lines": 0, "excluded_lines": 0}, "missing_lines": [], "excluded_lines": []}, "": {"executed_lines": [1, 24, 25, 26, 27, 41, 48, 49, 50, 131, 135, 159, 198, 218, 242, 275], "summary": {"covered_lines": 14, "num_statements": 14, "percent_covered": 100.0, "percent_covered_display": "100", "missing_lines": 0, "excluded_lines": 0}, "missing_lines": [], "excluded_lines": []}}}, "src/basefunctions/events/event_handler.py": {"executed_lines": [1, 21, 22, 23, 24, 25, 26, 27, 28, 29, 30, 43, 44, 59, 60, 117, 119, 140, 141, 142, 143, 145, 146, 172, 174, 175, 191, 193, 194, 195, 196, 197, 200, 201, 278, 279, 307, 320, 323, 324, 329, 349, 351, 352, 353, 354, 355, 357, 358, 361, 364, 365, 367, 369, 370, 371, 374, 375, 376, 380, 383, 385, 390, 393, 396, 397, 400, 401, 407, 414, 415, 419, 420, 421, 424, 431, 432, 434, 436, 439, 440, 441, 446, 455, 456, 457, 458, 459, 461, 462, 463, 465, 466, 467, 468, 471, 474, 475, 504, 506, 524, 525, 526, 529, 530, 576, 592, 594, 598, 599, 602, 603, 604, 610, 613, 615, 616, 618, 621, 622, 627, 628, 631, 632, 638, 640, 642, 643, 647, 656, 657, 658, 659, 660, 661, 666, 668, 680, 695, 696, 699, 700, 701, 703, 713, 714, 719, 724, 726], "summary": {"covered_lines": 143, "num_statements": 172, "percent_covered": 83.13953488372093, "percent_covered_display": "83", "missing_lines": 29, "excluded_lines": 2}, "missing_lines": [303, 378, 381, 382, 387, 422, 423, 425, 426, 427, 428, 437, 438, 442, 443, 444, 623, 624, 629, 630, 633, 634, 635, 636, 644, 645, 662, 663, 678], "excluded_lines": [60, 201], "functions": {"EventResult.__init__": {"executed_lines": [140, 141, 142, 143], "summary": {"covered_lines": 4, "num_statements": 4, "percent_covered": 100.0, "percent_covered_display": "100", "missing_lines": 0, "excluded_lines": 0}, "missing_lines": [], "excluded_lines": []}, "EventResult.business_result": {"executed_lines": [172], "summary": {"covered_lines": 1, "num_statements": 1, "percent_covered": 100.0, "percent_covered_display": "100", "missing_lines": 0, "excluded_lines": 0}, "missing_lines": [], "excluded_lines": []}, "EventResult.exception_result": {"executed_lines": [191], "summary": {"covered_lines": 1, "num_statements": 1, "percent_covered": 100.0, "percent_covered_display": "100", "missing_lines": 0, "excluded_lines": 0}, "missing_lines": [], "excluded_lines": []}, "EventResult.__str__": {"executed_lines": [194, 195, 196, 197], "summary": {"covered_lines": 4, "num_statements": 4, "percent_covered": 100.0, "percent_covered_display": "100", "missing_lines": 0, "excluded_lines": 0}, "missing_lines": [], "excluded_lines": []}, "EventHandler.handle": {"executed_lines": [], "summary": {"covered_lines": 0, "num_statements": 1, "percent_covered": 0.0, "percent_covered_display": "0", "missing_lines": 1, "excluded_lines": 0}, "missing_lines": [303], "excluded_lines": []}, "EventHandler.terminate": {"executed_lines": [320], "summary": {"covered_lines": 1, "num_statements": 1, "percent_covered": 100.0, "percent_covered_display": "100", "missing_lines": 0, "excluded_lines": 0}, "missing_lines": [], "excluded_lines": []}, "DefaultCmdHandler.handle": {"executed_lines": [349, 351, 352, 353, 354, 355, 357, 358, 361, 364, 365, 367, 369, 370, 371, 374, 375, 376, 380, 383, 385, 390, 393, 396, 397, 400, 401, 407, 414, 415, 419, 420, 421, 424, 431, 432, 434, 436, 439, 440, 441], "summary": {"covered_lines": 41, "num_statements": 56, "percent_covered": 73.21428571428571, "percent_covered_display": "73", "missing_lines": 15, "excluded_lines": 0}, "missing_lines": [378, 381, 382, 387, 422, 423, 425, 426, 427, 428, 437, 438, 442, 443, 444], "excluded_lines": []}, "DefaultCmdHandler.terminate": {"executed_lines": [455, 456, 457, 458, 459, 461, 462, 463, 465, 466, 467, 468, 471], "summary": {"covered_lines": 13, "num_statements": 13, "percent_covered": 100.0, "percent_covered_display": "100", "missing_lines": 0, "excluded_lines": 0}, "missing_lines": [], "excluded_lines": []}, "CoreletHandle.__init__": {"executed_lines": [524, 525, 526], "summary": {"covered_lines": 3, "num_statements": 3, "percent_covered": 100.0, "percent_covered_display": "100", "missing_lines": 0, "excluded_lines": 0}, "missing_lines": [], "excluded_lines": []}, "CoreletForwardingHandler.handle": {"executed_lines": [592, 594, 598, 599, 602, 603, 604, 610, 613, 615, 616, 618, 621, 622, 627, 628, 631, 632, 638, 640, 642, 643], "summary": {"covered_lines": 22, "num_statements": 32, "percent_covered": 68.75, "percent_covered_display": "69", "missing_lines": 10, "excluded_lines": 0}, "missing_lines": [623, 624, 629, 63
[...]
44, 245, 253, 267, 270, 285, 286, 287, 289], "summary": {"covered_lines": 25, "num_statements": 25, "percent_covered": 100.0, "percent_covered_display": "100", "missing_lines": 0, "excluded_lines": 0}, "missing_lines": [], "excluded_lines": []}}}, "src/basefunctions/utils/logging.py": {"executed_lines": [1, 27, 28, 29, 30, 39, 40, 41, 42, 43, 49, 50, 57, 58, 60, 61, 64, 77, 79, 81, 82, 83, 84, 85, 86, 89, 90, 91, 94, 105, 106, 107, 108, 109, 110, 111, 112, 118, 122, 125, 128, 142, 143, 145, 147, 148, 150, 151, 152, 153, 154, 156, 159, 181, 197, 235, 261, 269, 283, 284, 286, 288, 291, 409, 432, 433, 434, 436, 437], "summary": {"covered_lines": 67, "num_statements": 163, "percent_covered": 41.104294478527606, "percent_covered_display": "41", "missing_lines": 96, "excluded_lines": 0}, "missing_lines": [113, 114, 115, 119, 123, 149, 170, 171, 172, 175, 176, 177, 178, 187, 188, 191, 192, 193, 194, 210, 212, 213, 214, 215, 216, 218, 221, 222, 223, 224, 225, 228, 229, 230, 231, 232, 238, 241, 242, 243, 244, 245, 247, 250, 251, 252, 253, 254, 255, 256, 257, 258, 263, 264, 265, 266, 285, 287, 351, 353, 354, 356, 357, 360, 361, 362, 363, 364, 365, 366, 369, 370, 373, 374, 375, 376, 377, 380, 383, 385, 386, 387, 389, 392, 393, 394, 395, 396, 397, 398, 399, 400, 401, 404, 405, 406], "excluded_lines": [], "functions": {"_NullHandler.emit": {"executed_lines": [61], "summary": {"covered_lines": 1, "num_statements": 1, "percent_covered": 100.0, "percent_covered_display": "100", "missing_lines": 0, "excluded_lines": 0}, "missing_lines": [], "excluded_lines": []}, "setup_logger": {"executed_lines": [77, 79, 81, 82, 83, 84, 85, 86, 89, 90, 91, 94, 105, 106, 107, 108, 109, 110, 111, 112, 118, 122, 125], "summary": {"covered_lines": 23, "num_statements": 28, "percent_covered": 82.14285714285714, "percent_covered_display": "82", "missing_lines": 5, "excluded_lines": 0}, "missing_lines": [113, 114, 115, 119, 123], "excluded_lines": []}, "get_logger": {"executed_lines": [142, 143, 145, 147, 148, 150, 151, 152, 153, 154, 156], "summary": {"covered_lines": 11, "num_statements": 12, "percent_covered": 91.66666666666667, "percent_covered_display": "92", "missing_lines": 1, "excluded_lines": 0}, "missing_lines": [149], "excluded_lines": []}, "enable_console": {"executed_lines": [], "summary": {"covered_lines": 0, "num_statements": 7, "percent_covered": 0.0, "percent_covered_display": "0", "missing_lines": 7, "excluded_lines": 0}, "missing_lines": [170, 171, 172, 175, 176, 177, 178], "excluded_lines": []}, "disable_console": {"executed_lines": [], "summary": {"covered_lines": 0, "num_statements": 6, "percent_covered": 0.0, "percent_covered_display": "0", "missing_lines": 6, "excluded_lines": 0}, "missing_lines": [187, 188, 191, 192, 193, 194], "excluded_lines": []}, "redirect_all_to_file": {"executed_lines": [], "summary": {"covered_lines": 0, "num_statements": 17, "percent_covered": 0.0, "percent_covered_display": "0", "missing_lines": 17, "excluded_lines": 0}, "missing_lines": [210, 212, 213, 214, 215, 216, 218, 221, 222, 223, 224, 225, 228, 229, 230, 231, 232], "excluded_lines": []}, "_add_console_handler": {"executed_lines": [], "summary": {"covered_lines": 0, "num_statements": 16, "percent_covered": 0.0, "percent_covered_display": "0", "missing_lines": 16, "excluded_lines": 0}, "missing_lines": [238, 241, 242, 243, 244, 245, 247, 250, 251, 252, 253, 254, 255, 256, 257, 258], "excluded_lines": []}, "_remove_console_handler": {"executed_lines": [], "summary": {"covered_lines": 0, "num_statements": 4, "percent_covered": 0.0, "percent_covered_display": "0", "missing_lines": 4, "excluded_lines": 0}, "missing_lines": [263, 264, 265, 266], "excluded_lines": []}, "_should_enable_console_for_module": {"executed_lines": [283, 284, 286, 288], "summary": {"covered_lines": 4, "num_statements": 6, "percent_covered": 66.66666666666667, "percent_covered_display": "67", "missing_lines": 2, "excluded_lines": 0}, "missing_lines": [285, 287], "excluded_lines": []}, "configure_module_logging": {"executed_lines": [], "summary": {"covered_lines": 0, "num_statements": 38, "percent_covered": 0.0, "percent_covered_display": "0", "missing_lines": 38, "excluded_lines": 0}, "missing_lines": [351, 353, 354, 356, 357, 360, 361, 362, 363, 364, 365, 366, 369, 370, 373, 374, 375, 376, 377, 380, 383, 385, 386, 387, 389, 392, 393, 394, 395, 396, 397, 398, 399, 400, 401, 404, 405, 406], "excluded_lines": []}, "get_module_logging_config": {"executed_lines": [432, 433, 434, 436, 437], "summary": {"covered_lines": 5, "num_statements": 5, "percent_covered": 100.0, "percent_covered_display": "100", "missing_lines": 0, "excluded_lines": 0}, "missing_lines": [], "excluded_lines": []}, "": {"executed_lines": [1, 27, 28, 29, 30, 39, 40, 41, 42, 43, 49, 50, 57, 58, 60, 64, 128, 159, 181, 197, 235, 261, 269, 291, 409], "summary": {"covered_lines": 23, "num_statements": 23, "percent_covered": 100.0, "percent_covered_display": "100", "missing_lines": 0, "excluded_lines": 0}, "missing_lines": [], "excluded_lines": []}}, "classes": {"_NullHandler": {"executed_lines": [61], "summary": {"covered_lines": 1, "num_statements": 1, "percent_covered": 100.0, "percent_covered_display": "100", "missing_lines": 0, "excluded_lines": 0}, "missing_lines": [], "excluded_lines": []}, "": {"executed_lines": [1, 27, 28, 29, 30, 39, 40, 41, 42, 43, 49, 50, 57, 58, 60, 64, 77, 79, 81, 82, 83, 84, 85, 86, 89, 90, 91, 94, 105, 106, 107, 108, 109, 110, 111, 112, 118, 122, 125, 128, 142, 143, 145, 147, 148, 150, 151, 152, 153, 154, 156, 159, 181, 197, 235, 261, 269, 283, 284, 286, 288, 291, 409, 432, 433, 434, 436, 437], "summary": {"covered_lines": 66, "num_statements": 162, "percent_covered": 40.74074074074074, "percent_covered_display": "41", "missing_lines": 96, "excluded_lines": 0}, "missing_lines": [113, 114, 115, 119, 123, 149, 170, 171, 172, 175, 176, 177, 178, 187, 188, 191, 192, 193, 194, 210, 212, 213, 214, 215, 216, 218, 221, 222, 223, 224, 225, 228, 229, 230, 231, 232, 238, 241, 242, 243, 244, 245, 247, 250, 251, 252, 253, 254, 255, 256, 257, 258, 263, 264, 265, 266, 285, 287, 351, 353, 354, 356, 357, 360, 361, 362, 363, 364, 365, 366, 369, 370, 373, 374, 375, 376, 377, 380, 383, 385, 386, 387, 389, 392, 393, 394, 395, 396, 397, 398, 399, 400, 401, 404, 405, 406], "excluded_lines": []}}}, "src/basefunctions/utils/observer.py": {"executed_lines": [1, 23, 24, 26, 40, 47, 48, 52, 53, 69, 70, 74, 78, 80, 91, 92, 94, 95, 97, 98, 99, 103, 114, 115, 116, 120, 135, 136, 137], "summary": {"covered_lines": 26, "num_statements": 27, "percent_covered": 96.29629629629629, "percent_covered_display": "96", "missing_lines": 1, "excluded_lines": 0}, "missing_lines": [66], "excluded_lines": [], "functions": {"Observer.notify": {"executed_lines": [], "summary": {"covered_lines": 0, "num_statements": 1, "percent_covered": 0.0, "percent_covered_display": "0", "missing_lines": 1, "excluded_lines": 0}, "missing_lines": [66], "excluded_lines": []}, "Observable.__init__": {"executed_lines": [78], "summary": {"covered_lines": 1, "num_statements": 1, "percent_covered": 100.0, "percent_covered_display": "100", "missing_lines": 0, "excluded_lines": 0}, "missing_lines": [], "excluded_lines": []}, "Observable.attach_observer_for_event": {"executed_lines": [91, 92, 94, 95, 97, 98, 99], "summary": {"covered_lines": 7, "num_statements": 7, "percent_covered": 100.0, "percent_covered_display": "100", "missing_lines": 0, "excluded_lines": 0}, "missing_lines": [], "excluded_lines": []}, "Observable.detach_observer_for_event": {"executed_lines": [114, 115, 116], "summary": {"covered_lines": 3, "num_statements": 3, "percent_covered": 100.0, "percent_covered_display": "100", "missing_lines": 0, "excluded_lines": 0}, "missing_lines": [], "excluded_lines": []}, "Observable.notify_observers": {"executed_lines": [135, 136, 137], "summary": {"covered_lines": 3, "num_statements": 3, "percent_covered": 100.0, "percent_covered_display": "100", "missing_lines": 0, "excluded_lines": 0}, "missing_lines": [], "excluded_lines": []}, "": {"executed_lines": [1, 23, 24, 26, 40, 47, 48, 52, 53, 69, 70, 74, 80, 103, 120], "summary": {"covered_lines": 12, "num_statements": 12, "percent_covered": 100.0, "percent_covered_display": "100", "missing_lines": 0, "excluded_lines": 0}, "missing_lines": [], "excluded_lines": []}}, "classes": {"Observer": {"executed_lines": [], "summary": {"covered_lines": 0, "num_statements": 1, "percent_covered": 0.0, "percent_covered_display": "0", "missing_lines": 1, "excluded_lines": 0}, "missing_lines": [66], "excluded_lines": []}, "Observable": {"executed_lines": [78, 91, 92, 94, 95, 97, 98, 99, 114, 115, 116, 135, 136, 137], "summary": {"covered_lines": 14, "num_statements": 14, "percent_covered": 100.0, "percent_covered_display": "100", "missing_lines": 0, "excluded_lines": 0}, "missing_lines": [], "excluded_lines": []}, "": {"executed_lines": [1, 23, 24, 26, 40, 47, 48, 52, 53, 69, 70, 74, 80, 103, 120], "summary": {"covered_lines": 12, "num_statements": 12, "percent_covered": 100.0, "percent_covered_display": "100", "missing_lines": 0, "excluded_lines": 0}, "missing_lines": [], "excluded_lines": []}}}, "src/basefunctions/utils/ohlcv_generator.py": {"executed_lines": [1, 25, 26, 28, 29, 31, 44, 51, 52, 59, 68, 70, 71, 73, 75, 120, 123, 124, 138, 139, 140, 141, 154, 155, 157, 158, 159, 160, 173, 174, 187, 188, 201, 202, 215, 216, 229, 231, 232, 234, 249, 252, 253, 256, 258, 259, 260, 262, 265, 268, 269, 271, 272, 273, 276, 277, 280, 281, 282, 284, 297, 298, 300, 313, 314, 315, 328, 360, 362, 363, 376, 377, 378, 379, 380, 382, 383, 384, 386, 387, 388, 389, 391, 392, 399, 412, 426, 427, 429, 440], "summary": {"covered_lines": 88, "num_statements": 93, "percent_covered": 94.6236559139785, "percent_covered_display": "95", "missing_lines": 5, "excluded_lines": 0}, "missing_lines": [235, 394, 395, 396, 397], "excluded_lines": [], "functions": {"OHLCVGenerator.__init__": {"executed_lines": [68, 70, 71, 73], "summary": {"covered_lines": 4, "num_statements": 4, "percent_covered": 100.0, "percent_covered_display": "100", "missing_lines": 0, "excluded_lines": 0}, "missing_lines": [], "excluded_lines": []}, "OHLCVGenerator.generate": {"executed_lines": [120, 123, 124, 138, 139, 140, 141, 154, 155, 157, 158, 159, 160, 173, 174, 187, 188, 201, 202, 215, 216, 229, 231, 232, 234, 249, 252, 253, 256, 258, 259, 260, 262, 265, 268, 269, 271, 272, 273, 276, 277, 280, 281, 282, 284, 297, 298, 300, 313, 314, 315], "summary": {"covered_lines": 51, "num_statements": 52, "percent_covered": 98.07692307692308, "percent_covered_display": "98", "missing_lines": 1, "excluded_lines": 0}, "missing_lines": [235], "excluded_lines": []}, "OHLCVGenerator.generate_multiple": {"executed_lines": [360, 362, 363, 376, 377, 378, 379, 380, 382, 383, 384, 386, 387, 388, 389, 391, 392, 399], "summary": {"covered_lines": 18, "num_statements": 22, "percent_covered": 81.81818181818181, "percent_covered_display": "82", "missing_lines": 4, "excluded_lines": 0}, "missing_lines": [394, 395, 396, 397], "excluded_lines": []}, "OHLCVGenerator.get_summary_stats": {"executed_lines": [426, 427, 429, 440], "summary": {"covered_lines": 4, "num_statements": 4, "percent_covered": 100.0, "percent_covered_display": "100", "missing_lines": 0, "excluded_lines": 0}, "missing_lines": [], "excluded_lines": []}, "": {"executed_lines": [1, 25, 26, 28, 29, 31, 44, 51, 52, 59, 75, 328, 412], "summary": {"covered_lines": 11, "num_statements": 11, "percent_covered": 100.0, "percent_covered_display": "100", "missing_lines": 0, "excluded_lines": 0}, "missing_lines": [], "excluded_lines": []}}, "classes": {"OHLCVGenerator": {"executed_lines": [68, 70, 71, 73, 120, 123, 124, 138, 139, 140, 141, 154, 155, 157, 158, 159, 160, 173, 174, 187, 188, 201, 202, 215, 216, 229, 231, 232, 234, 249, 252, 253, 256, 258, 259, 260, 262, 265, 268, 269, 271, 272, 273, 276, 277, 280, 281, 282, 284, 297, 298, 300, 313, 314, 315, 360, 362, 363, 376, 377, 378, 379, 380, 382, 383, 384, 386, 387, 388, 389, 391, 392, 399, 426, 427, 429, 440], "summary": {"covered_lines": 77, "num_statements": 82, "percent_covered": 93.90243902439025, "percent_covered_display": "94", "missing_lines": 5, "excluded_lines": 0}, "missing_lines": [235, 394, 395, 396, 397], "excluded_lines": []}, "": {"executed_lines": [1, 25, 26, 28, 29, 31, 44, 51, 52, 59, 75, 328, 412], "summary": {"covered_lines": 11, "num_statements": 11, "percent_covered": 100.0, "percent_covered_display": "100", "missing_lines": 0, "excluded_lines": 0}, "missing_lines": [], "excluded_lines": []}}}, "src/basefunctions/utils/progress_tracker.py": {"executed_lines": [1, 18, 19, 20, 39, 40, 46, 47, 58, 59, 63, 67, 72, 73, 79, 100, 112], "summary": {"covered_lines": 14, "num_statements": 28, "percent_covered": 50.0, "percent_covered_display": "50", "missing_lines": 14, "excluded_lines": 0}, "missing_lines": [56, 61, 65, 69, 90, 91, 93, 94, 95, 97, 98, 109, 110, 114], "excluded_lines": [], "functions": {"ProgressTracker.progress": {"executed_lines": [], "summary": {"covered_lines": 0, "num_statements": 1, "percent_covered": 0.0, "percent_covered_display": "0", "missing_lines": 1, "excluded_lines": 0}, "missing_lines": [56], "excluded_lines": []}, "ProgressTracker.close": {"executed_lines": [], "summary": {"covered_lines": 0, "num_statements": 1, "percent_covered": 0.0, "percent_covered_display": "0", "missing_lines": 1, "excluded_lines": 0}, "missing_lines": [61], "excluded_lines": []}, "ProgressTracker.__enter__": {"executed_lines": [], "summary": {"covered_lines": 0, "num_statements": 1, "percent_covered": 0.0, "percent_covered_display": "0", "missing_lines": 1, "excluded_lines": 0}, "missing_lines": [65], "excluded_lines": []}, "ProgressTracker.__exit__": {"executed_lines": [], "summary": {"covered_lines": 0, "num_statements": 1, "percent_covered": 0.0, "percent_covered_display": "0", "missing_lines": 1, "excluded_lines": 0}, "missing_lines": [69], "excluded_lines": []}, "TqdmProgressTracker.__init__": {"executed_lines": [], "summary": {"covered_lines": 0, "num_statements": 7, "percent_covered": 0.0, "percent_covered_display": "0", "missing_lines": 7, "excluded_lines": 0}, "missing_lines": [90, 91, 93, 94, 95, 97, 98], "excluded_lines": []}, "TqdmProgressTracker.progress": {"executed_lines": [], "summary": {"covered_lines": 0, "num_statements": 2, "percent_covered": 0.0, "percent_covered_display": "0", "missing_lines": 2, "excluded_lines": 0}, "missing_lines": [109, 110], "excluded_lines": []}, "TqdmProgressTracker.close": {"executed_lines": [], "summary": {"covered_lines": 0, "num_statements": 1, "percent_covered": 0.0, "percent_covered_display": "0", "missing_lines": 1, "excluded_lines": 0}, "missing_lines": [114], "excluded_lines": []}, "": {"executed_lines": [1, 18, 19, 20, 39, 40, 46, 47, 58, 59, 63, 67, 72, 73, 79, 100, 112], "summary": {"covered_lines": 14, "num_statements": 14, "percent_covered": 100.0, "percent_covered_display": "100", "missing_lines": 0, "excluded_lines": 0}, "missing_lines": [], "excluded_lines": []}}, "classes": {"ProgressTracker": {"executed_lines": [], "summary": {"covered_lines": 0, "num_statements": 4, "percent_covered": 0.0, "percent_covered_display": "0", "missing_lines": 4, "excluded_lines": 0}, "missing_lines": [56, 61, 65, 69], "excluded_lines": []}, "TqdmProgressTracker": {"executed_lines": [], "summary": {"covered_lines": 0, "num_statements": 10, "percent_covered": 0.0, "percent_covered_display": "0", "missing_lines": 10, "excluded_lines": 0}, "missing_lines": [90, 91, 93, 94, 95, 97, 98, 109, 110, 114], "excluded_lines": []}, "": {"executed_lines": [1, 18, 19, 20, 39, 40, 46, 47, 58, 59, 63, 67, 72, 73, 79, 100, 112], "summary": {"covered_lines": 14, "num_statements": 14, "percent_covered": 100.0, "percent_covered_display": "100", "missing_lines": 0, "excluded_lines": 0}, "missing_lines": [], "excluded_lines": []}}}, "src/basefunctions/utils/time_utils.py": {"executed_lines": [1, 23, 24, 25, 27, 28, 32, 46, 53, 72, 73, 74, 75, 76, 77, 80, 89, 92, 106, 107, 108, 111, 120, 123, 137, 140, 156, 157, 158, 159, 162, 178, 181, 197, 200, 216, 219, 233, 236, 250], "summary": {"covered_lines": 39, "num_statements": 41, "percent_covered": 95.1219512195122, "percent_covered_display": "95", "missing_lines": 2, "excluded_lines": 0}, "missing_lines": [29, 30], "excluded_lines": [], "functions": {"_get_timezone": {"executed_lines": [72, 73, 74, 75, 76, 77], "summary": {"covered_lines": 6, "num_statements": 6, "percent_covered": 100.0, "percent_covered_display": "100", "missing_lines": 0, "excluded_lines": 0}, "missing_lines": [], "excluded_lines": []}, "now_utc": {"executed_lines": [89], "summary": {"covered_lines": 1, "num_statements": 1, "percent_covered": 100.0, "percent_covered_display": "100", "missing_lines": 0, "excluded_lines": 0}, "missing_lines": [], "excluded_lines": []}, "now_local": {"executed_lines": [106, 107, 108], "summary": {"covered_lines": 3, "num_statements": 3, "percent_covered": 100.0, "percent_covered_display": "100", "missing_lines": 0, "excluded_lines": 0}, "missing_lines": [], "excluded_lines": []}, "utc_timestamp": {"executed_lines": [120], "summary": {"covered_lines": 1, "num_statements": 1, "percent_covered": 100.0, "percent_covered_display": "100", "missing_lines": 0, "excluded_lines": 0}, "missing_lines": [], "excluded_lines": []}, "format_iso": {"executed_lines": [137], "summary": {"covered_lines": 1, "num_statements": 1, "percent_covered": 100.0, "percent_covered_display": "100", "missing_lines": 0, "excluded_lines": 0}, "missing_lines": [], "excluded_lines": []}, "parse_iso": {"executed_lines": [156, 157, 158, 159], "summary": {"covered_lines": 4, "num_statements": 4, "percent_covered": 100.0, "percent_covered_display": "100", "missing_lines": 0, "excluded_lines": 0}, "missing_lines": [], "excluded_lines": []}, "to_timezone": {"executed_lines": [178], "summary": {"covered_lines": 1, "num_statements": 1, "percent_covered": 100.0, "percent_covered_display": "100", "missing_lines": 0, "excluded_lines": 0}, "missing_lines": [], "excluded_lines": []}, "datetime_to_str": {"executed_lines": [197], "summary": {"covered_lines": 1, "num_statements": 1, "percent_covered": 100.0, "percent_covered_display": "100", "missing_lines": 0, "excluded_lines": 0}, "missing_lines": [], "excluded_lines": []}, "str_to_datetime": {"executed_lines": [216], "summary": {"covered_lines": 1, "num_statements": 1, "percent_covered": 100.0, "percent_covered_display": "100", "missing_lines": 0, "excluded_lines": 0}, "missing_lines": [], "excluded_lines": []}, "timestamp_to_datetime": {"executed_lines": [233], "summary": {"covered_lines": 1, "num_statements": 1, "percent_covered": 100.0, "percent_covered_display": "100", "missing_lines": 0, "excluded_lines": 0}, "missing_lines": [], "excluded_lines": []}, "datetime_to_timestamp": {"executed_lines": [250], "summary": {"covered_lines": 1, "num_statements": 1, "percent_covered": 100.0, "percent_covered_display": "100", "missing_lines": 0, "excluded_lines": 0}, "missing_lines": [], "excluded_lines": []}, "": {"executed_lines": [1, 23, 24, 25, 27, 28, 32, 46, 53, 80, 92, 111, 123, 140, 162, 181, 200, 219, 236], "summary": {"covered_lines": 18, "num_statements": 20, "percent_covered": 90.0, "percent_covered_display": "90", "missing_lines": 2, "excluded_lines": 0}, "missing_lines": [29, 30], "excluded_lines": []}}, "classes": {"": {"executed_lines": [1, 23, 24, 25, 27, 28, 32, 46, 53, 72, 73, 74, 75, 76, 77, 80, 89, 92, 106, 107, 108, 111, 120, 123, 137, 140, 156, 157, 158, 159, 162, 178, 181, 197, 200, 216, 219, 233, 236, 250], "summary": {"covered_lines": 39, "num_statements": 41, "percent_covered": 95.1219512195122, "percent_covered_display": "95", "missing_lines": 2, "excluded_lines": 0}, "missing_lines": [29, 30], "excluded_lines": []}}}}, "totals": {"covered_lines": 3106, "num_statements": 3843, "percent_covered": 80.82227426489722, "percent_covered_display": "81", "missing_lines": 737, "excluded_lines": 5}}